{
  "uid" : "3ab5f3146678aa66",
  "name" : "allergyTests()",
  "fullName" : "MobileTesting.tests.MedcardTest.allergyTests",
  "historyId" : "b9c2a3d2f8f0960d733fe9e0e6ba0092",
  "time" : {
    "start" : 1718100469156,
    "stop" : 1718100577347,
    "duration" : 108191
  },
  "description" : "Add and delete allergy",
  "descriptionHtml" : "<p>Add and delete allergy</p>\n",
  "status" : "broken",
  "statusMessage" : "Expected condition failed: waiting for element to be clickable: By.xpath: //android.widget.TextView[@text='свинина']/following-sibling::android.widget.ImageView[@resource-id='ru.sogaz.app.stage:id/delete'] (tried for 15 second(s) with 500 milliseconds interval)",
  "statusTrace" : "org.openqa.selenium.TimeoutException: Expected condition failed: waiting for element to be clickable: By.xpath: //android.widget.TextView[@text='свинина']/following-sibling::android.widget.ImageView[@resource-id='ru.sogaz.app.stage:id/delete'] (tried for 15 second(s) with 500 milliseconds interval)\n\tat org.openqa.selenium.support.ui.WebDriverWait.timeoutException(WebDriverWait.java:95)\n\tat org.openqa.selenium.support.ui.FluentWait.until(FluentWait.java:272)\n\tat MobileTesting.robots.RobotHelper.click(RobotHelper.java:33)\n\tat MobileTesting.robots.MedcardRobot.addAllergyFromList(MedcardRobot.java:342)\n\tat MobileTesting.tests.MedcardTest.allergyTests(MedcardTest.java:72)\n\tat java.base/jdk.internal.reflect.DirectMethodHandleAccessor.invoke(DirectMethodHandleAccessor.java:103)\n\tat java.base/java.lang.reflect.Method.invoke(Method.java:580)\n\tat org.junit.platform.commons.util.ReflectionUtils.invokeMethod(ReflectionUtils.java:727)\n\tat org.junit.jupiter.engine.execution.MethodInvocation.proceed(MethodInvocation.java:60)\n\tat org.junit.jupiter.engine.execution.InvocationInterceptorChain$ValidatingInvocation.proceed(InvocationInterceptorChain.java:131)\n\tat org.junit.jupiter.engine.extension.TimeoutExtension.intercept(TimeoutExtension.java:156)\n\tat org.junit.jupiter.engine.extension.TimeoutExtension.interceptTestableMethod(TimeoutExtension.java:147)\n\tat org.junit.jupiter.engine.extension.TimeoutExtension.interceptTestMethod(TimeoutExtension.java:86)\n\tat org.junit.jupiter.engine.execution.InterceptingExecutableInvoker$ReflectiveInterceptorCall.lambda$ofVoidMethod$0(InterceptingExecutableInvoker.java:103)\n\tat org.junit.jupiter.engine.execution.InterceptingExecutableInvoker.lambda$invoke$0(InterceptingExecutableInvoker.java:93)\n\tat org.junit.jupiter.engine.execution.InvocationInterceptorChain$InterceptedInvocation.proceed(InvocationInterceptorChain.java:106)\n\tat org.junit.jupiter.engine.execution.InvocationInterceptorChain.proceed(InvocationInterceptorChain.java:64)\n\tat org.junit.jupiter.engine.execution.InvocationInterceptorChain.chainAndInvoke(InvocationInterceptorChain.java:45)\n\tat org.junit.jupiter.engine.execution.InvocationInterceptorChain.invoke(InvocationInterceptorChain.java:37)\n\tat org.junit.jupiter.engine.execution.InterceptingExecutableInvoker.invoke(InterceptingExecutableInvoker.java:92)\n\tat org.junit.jupiter.engine.execution.InterceptingExecutableInvoker.invoke(InterceptingExecutableInvoker.java:86)\n\tat org.junit.jupiter.engine.descriptor.TestMethodTestDescriptor.lambda$invokeTestMethod$7(TestMethodTestDescriptor.java:217)\n\tat org.junit.platform.engine.support.hierarchical.ThrowableCollector.execute(ThrowableCollector.java:73)\n\tat org.junit.jupiter.engine.descriptor.TestMethodTestDescriptor.invokeTestMethod(TestMethodTestDescriptor.java:213)\n\tat org.junit.jupiter.engine.descriptor.TestMethodTestDescriptor.execute(TestMethodTestDescriptor.java:138)\n\tat org.junit.jupiter.engine.descriptor.TestMethodTestDescriptor.execute(TestMethodTestDescriptor.java:68)\n\tat org.junit.platform.engine.support.hierarchical.NodeTestTask.lambda$executeRecursively$6(NodeTestTask.java:151)\n\tat org.junit.platform.engine.support.hierarchical.ThrowableCollector.execute(ThrowableCollector.java:73)\n\tat org.junit.platform.engine.support.hierarchical.NodeTestTask.lambda$executeRecursively$8(NodeTestTask.java:141)\n\tat org.junit.platform.engine.support.hierarchical.Node.around(Node.java:137)\n\tat org.junit.platform.engine.support.hierarchical.NodeTestTask.lambda$executeRecursively$9(NodeTestTask.java:139)\n\tat org.junit.platform.engine.support.hierarchical.ThrowableCollector.execute(ThrowableCollector.java:73)\n\tat org.junit.platform.engine.support.hierarchical.NodeTestTask.executeRecursively(NodeTestTask.java:138)\n\tat org.junit.platform.engine.support.hierarchical.NodeTestTask.execute(NodeTestTask.java:95)\n\tat java.base/java.util.ArrayList.forEach(ArrayList.java:1596)\n\tat org.junit.platform.engine.support.hierarchical.SameThreadHierarchicalTestExecutorService.invokeAll(SameThreadHierarchicalTestExecutorService.java:41)\n\tat org.junit.platform.engine.support.hierarchical.NodeTestTask.lambda$executeRecursively$6(NodeTestTask.java:155)\n\tat org.junit.platform.engine.support.hierarchical.ThrowableCollector.execute(ThrowableCollector.java:73)\n\tat org.junit.platform.engine.support.hierarchical.NodeTestTask.lambda$executeRecursively$8(NodeTestTask.java:141)\n\tat org.junit.platform.engine.support.hierarchical.Node.around(Node.java:137)\n\tat org.junit.platform.engine.support.hierarchical.NodeTestTask.lambda$executeRecursively$9(NodeTestTask.java:139)\n\tat org.junit.platform.engine.support.hierarchical.ThrowableCollector.execute(ThrowableCollector.java:73)\n\tat org.junit.platform.engine.support.hierarchical.NodeTestTask.executeRecursively(NodeTestTask.java:138)\n\tat org.junit.platform.engine.support.hierarchical.NodeTestTask.execute(NodeTestTask.java:95)\n\tat java.base/java.util.ArrayList.forEach(ArrayList.java:1596)\n\tat org.junit.platform.engine.support.hierarchical.SameThreadHierarchicalTestExecutorService.invokeAll(SameThreadHierarchicalTestExecutorService.java:41)\n\tat org.junit.platform.engine.support.hierarchical.NodeTestTask.lambda$executeRecursively$6(NodeTestTask.java:155)\n\tat org.junit.platform.engine.support.hierarchical.ThrowableCollector.execute(ThrowableCollector.java:73)\n\tat org.junit.platform.engine.support.hierarchical.NodeTestTask.lambda$executeRecursively$8(NodeTestTask.java:141)\n\tat org.junit.platform.engine.support.hierarchical.Node.around(Node.java:137)\n\tat org.junit.platform.engine.support.hierarchical.NodeTestTask.lambda$executeRecursively$9(NodeTestTask.java:139)\n\tat org.junit.platform.engine.support.hierarchical.ThrowableCollector.execute(ThrowableCollector.java:73)\n\tat org.junit.platform.engine.support.hierarchical.NodeTestTask.executeRecursively(NodeTestTask.java:138)\n\tat org.junit.platform.engine.support.hierarchical.NodeTestTask.execute(NodeTestTask.java:95)\n\tat org.junit.platform.engine.support.hierarchical.SameThreadHierarchicalTestExecutorService.submit(SameThreadHierarchicalTestExecutorService.java:35)\n\tat org.junit.platform.engine.support.hierarchical.HierarchicalTestExecutor.execute(HierarchicalTestExecutor.java:57)\n\tat org.junit.platform.engine.support.hierarchical.HierarchicalTestEngine.execute(HierarchicalTestEngine.java:54)\n\tat org.junit.platform.launcher.core.DefaultLauncher.execute(DefaultLauncher.java:229)\n\tat org.junit.platform.launcher.core.DefaultLauncher.lambda$execute$6(DefaultLauncher.java:197)\n\tat org.junit.platform.launcher.core.DefaultLauncher.withInterceptedStreams(DefaultLauncher.java:211)\n\tat org.junit.platform.launcher.core.DefaultLauncher.execute(DefaultLauncher.java:191)\n\tat org.junit.platform.launcher.core.DefaultLauncher.execute(DefaultLauncher.java:128)\n\tat org.apache.maven.surefire.junitplatform.JUnitPlatformProvider.invokeAllTests(JUnitPlatformProvider.java:165)\n\tat org.apache.maven.surefire.junitplatform.JUnitPlatformProvider.invoke(JUnitPlatformProvider.java:128)\n\tat org.apache.maven.surefire.booter.ForkedBooter.runSuitesInProcess(ForkedBooter.java:428)\n\tat org.apache.maven.surefire.booter.ForkedBooter.execute(ForkedBooter.java:162)\n\tat org.apache.maven.surefire.booter.ForkedBooter.run(ForkedBooter.java:562)\n\tat org.apache.maven.surefire.booter.ForkedBooter.main(ForkedBooter.java:548)\nCaused by: org.openqa.selenium.NoSuchElementException: An element could not be located on the page using the given search parameters.\nFor documentation on this error, please visit: https://www.seleniumhq.org/exceptions/no_such_element.html\nBuild info: version: '3.141.59', revision: 'e82be7d358', time: '2018-11-14T08:17:03'\nSystem info: host: 'Mac-mini-1.local', ip: '127.0.0.1', os.name: 'Mac OS X', os.arch: 'aarch64', os.version: '13.5.1', java.version: '21'\nDriver info: io.appium.java_client.android.AndroidDriver\nCapabilities {app: /Users/lmovsisyan/qa_emp_au..., appPackage: ru.sogaz.app.stage, appWaitActivity: ru.sogaz.app.ui.main.MainAc..., autoAcceptAlerts: true, autoGrantPermissions: true, automationName: UiAutomator2, avdArgs: -no-window, databaseEnabled: false, desired: {app: /Users/lmovsisyan/qa_emp_au..., appWaitActivity: ru.sogaz.app.ui.main.MainAc..., autoAcceptAlerts: true, autoGrantPermissions: true, automationName: UiAutomator2, avdArgs: -no-window, deviceName: 8ALX0UWHU, fullReset: false, gpsEnabled: true, isHeadless: false, platformName: android, uiautomator2ServerLaunchTimeout: 300000}, deviceApiLevel: 31, deviceManufacturer: Google, deviceModel: Pixel 3, deviceName: 8ALX0UWHU, deviceScreenDensity: 440, deviceScreenSize: 1080x2160, deviceUDID: 8ALX0UWHU, fullReset: false, gpsEnabled: true, isHeadless: false, javascriptEnabled: true, locationContextEnabled: false, networkConnectionEnabled: true, pixelRatio: 2.75, platform: LINUX, platformName: Android, platformVersion: 12, statBarHeight: 77, takesScreenshot: true, uiautomator2ServerLaunchTimeout: 300000, viewportRect: {height: 1951, left: 0, top: 77, width: 1080}, warnings: {}, webStorageEnabled: false}\nSession ID: f781c57f-75b4-4e99-8da1-760500a84dc6\n*** Element info: {Using=xpath, value=//android.widget.TextView[@text='свинина']/following-sibling::android.widget.ImageView[@resource-id='ru.sogaz.app.stage:id/delete']}\n\tat java.base/jdk.internal.reflect.DirectConstructorHandleAccessor.newInstance(DirectConstructorHandleAccessor.java:62)\n\tat java.base/java.lang.reflect.Constructor.newInstanceWithCaller(Constructor.java:502)\n\tat java.base/java.lang.reflect.Constructor.newInstance(Constructor.java:486)\n\tat org.openqa.selenium.remote.http.W3CHttpResponseCodec.createException(W3CHttpResponseCodec.java:187)\n\tat org.openqa.selenium.remote.http.W3CHttpResponseCodec.decode(W3CHttpResponseCodec.java:122)\n\tat org.openqa.selenium.remote.http.W3CHttpResponseCodec.decode(W3CHttpResponseCodec.java:49)\n\tat org.openqa.selenium.remote.HttpCommandExecutor.execute(HttpCommandExecutor.java:158)\n\tat io.appium.java_client.remote.AppiumCommandExecutor.execute(AppiumCommandExecutor.java:250)\n\tat org.openqa.selenium.remote.RemoteWebDriver.execute(RemoteWebDriver.java:552)\n\tat io.appium.java_client.DefaultGenericMobileDriver.execute(DefaultGenericMobileDriver.java:41)\n\tat io.appium.java_client.AppiumDriver.execute(AppiumDriver.java:1)\n\tat io.appium.java_client.android.AndroidDriver.execute(AndroidDriver.java:1)\n\tat org.openqa.selenium.remote.RemoteWebDriver.findElement(RemoteWebDriver.java:323)\n\tat io.appium.java_client.DefaultGenericMobileDriver.findElement(DefaultGenericMobileDriver.java:61)\n\tat io.appium.java_client.AppiumDriver.findElement(AppiumDriver.java:1)\n\tat io.appium.java_client.android.AndroidDriver.findElement(AndroidDriver.java:1)\n\tat org.openqa.selenium.remote.RemoteWebDriver.findElementByXPath(RemoteWebDriver.java:428)\n\tat io.appium.java_client.DefaultGenericMobileDriver.findElementByXPath(DefaultGenericMobileDriver.java:151)\n\tat io.appium.java_client.AppiumDriver.findElementByXPath(AppiumDriver.java:1)\n\tat io.appium.java_client.android.AndroidDriver.findElementByXPath(AndroidDriver.java:1)\n\tat org.openqa.selenium.By$ByXPath.findElement(By.java:353)\n\tat org.openqa.selenium.remote.RemoteWebDriver.findElement(RemoteWebDriver.java:315)\n\tat io.appium.java_client.DefaultGenericMobileDriver.findElement(DefaultGenericMobileDriver.java:57)\n\tat io.appium.java_client.AppiumDriver.findElement(AppiumDriver.java:1)\n\tat io.appium.java_client.android.AndroidDriver.findElement(AndroidDriver.java:1)\n\tat org.openqa.selenium.support.ui.ExpectedConditions$7.apply(ExpectedConditions.java:205)\n\tat org.openqa.selenium.support.ui.ExpectedConditions$7.apply(ExpectedConditions.java:201)\n\tat org.openqa.selenium.support.ui.ExpectedConditions$22.apply(ExpectedConditions.java:641)\n\tat org.openqa.selenium.support.ui.ExpectedConditions$22.apply(ExpectedConditions.java:638)\n\tat org.openqa.selenium.support.ui.FluentWait.until(FluentWait.java:249)\n\t... 66 more\n",
  "flaky" : false,
  "newFailed" : false,
  "beforeStages" : [ ],
  "testStage" : {
    "description" : "Add and delete allergy",
    "status" : "broken",
    "statusMessage" : "Expected condition failed: waiting for element to be clickable: By.xpath: //android.widget.TextView[@text='свинина']/following-sibling::android.widget.ImageView[@resource-id='ru.sogaz.app.stage:id/delete'] (tried for 15 second(s) with 500 milliseconds interval)",
    "statusTrace" : "org.openqa.selenium.TimeoutException: Expected condition failed: waiting for element to be clickable: By.xpath: //android.widget.TextView[@text='свинина']/following-sibling::android.widget.ImageView[@resource-id='ru.sogaz.app.stage:id/delete'] (tried for 15 second(s) with 500 milliseconds interval)\n\tat org.openqa.selenium.support.ui.WebDriverWait.timeoutException(WebDriverWait.java:95)\n\tat org.openqa.selenium.support.ui.FluentWait.until(FluentWait.java:272)\n\tat MobileTesting.robots.RobotHelper.click(RobotHelper.java:33)\n\tat MobileTesting.robots.MedcardRobot.addAllergyFromList(MedcardRobot.java:342)\n\tat MobileTesting.tests.MedcardTest.allergyTests(MedcardTest.java:72)\n\tat java.base/jdk.internal.reflect.DirectMethodHandleAccessor.invoke(DirectMethodHandleAccessor.java:103)\n\tat java.base/java.lang.reflect.Method.invoke(Method.java:580)\n\tat org.junit.platform.commons.util.ReflectionUtils.invokeMethod(ReflectionUtils.java:727)\n\tat org.junit.jupiter.engine.execution.MethodInvocation.proceed(MethodInvocation.java:60)\n\tat org.junit.jupiter.engine.execution.InvocationInterceptorChain$ValidatingInvocation.proceed(InvocationInterceptorChain.java:131)\n\tat org.junit.jupiter.engine.extension.TimeoutExtension.intercept(TimeoutExtension.java:156)\n\tat org.junit.jupiter.engine.extension.TimeoutExtension.interceptTestableMethod(TimeoutExtension.java:147)\n\tat org.junit.jupiter.engine.extension.TimeoutExtension.interceptTestMethod(TimeoutExtension.java:86)\n\tat org.junit.jupiter.engine.execution.InterceptingExecutableInvoker$ReflectiveInterceptorCall.lambda$ofVoidMethod$0(InterceptingExecutableInvoker.java:103)\n\tat org.junit.jupiter.engine.execution.InterceptingExecutableInvoker.lambda$invoke$0(InterceptingExecutableInvoker.java:93)\n\tat org.junit.jupiter.engine.execution.InvocationInterceptorChain$InterceptedInvocation.proceed(InvocationInterceptorChain.java:106)\n\tat org.junit.jupiter.engine.execution.InvocationInterceptorChain.proceed(InvocationInterceptorChain.java:64)\n\tat org.junit.jupiter.engine.execution.InvocationInterceptorChain.chainAndInvoke(InvocationInterceptorChain.java:45)\n\tat org.junit.jupiter.engine.execution.InvocationInterceptorChain.invoke(InvocationInterceptorChain.java:37)\n\tat org.junit.jupiter.engine.execution.InterceptingExecutableInvoker.invoke(InterceptingExecutableInvoker.java:92)\n\tat org.junit.jupiter.engine.execution.InterceptingExecutableInvoker.invoke(InterceptingExecutableInvoker.java:86)\n\tat org.junit.jupiter.engine.descriptor.TestMethodTestDescriptor.lambda$invokeTestMethod$7(TestMethodTestDescriptor.java:217)\n\tat org.junit.platform.engine.support.hierarchical.ThrowableCollector.execute(ThrowableCollector.java:73)\n\tat org.junit.jupiter.engine.descriptor.TestMethodTestDescriptor.invokeTestMethod(TestMethodTestDescriptor.java:213)\n\tat org.junit.jupiter.engine.descriptor.TestMethodTestDescriptor.execute(TestMethodTestDescriptor.java:138)\n\tat org.junit.jupiter.engine.descriptor.TestMethodTestDescriptor.execute(TestMethodTestDescriptor.java:68)\n\tat org.junit.platform.engine.support.hierarchical.NodeTestTask.lambda$executeRecursively$6(NodeTestTask.java:151)\n\tat org.junit.platform.engine.support.hierarchical.ThrowableCollector.execute(ThrowableCollector.java:73)\n\tat org.junit.platform.engine.support.hierarchical.NodeTestTask.lambda$executeRecursively$8(NodeTestTask.java:141)\n\tat org.junit.platform.engine.support.hierarchical.Node.around(Node.java:137)\n\tat org.junit.platform.engine.support.hierarchical.NodeTestTask.lambda$executeRecursively$9(NodeTestTask.java:139)\n\tat org.junit.platform.engine.support.hierarchical.ThrowableCollector.execute(ThrowableCollector.java:73)\n\tat org.junit.platform.engine.support.hierarchical.NodeTestTask.executeRecursively(NodeTestTask.java:138)\n\tat org.junit.platform.engine.support.hierarchical.NodeTestTask.execute(NodeTestTask.java:95)\n\tat java.base/java.util.ArrayList.forEach(ArrayList.java:1596)\n\tat org.junit.platform.engine.support.hierarchical.SameThreadHierarchicalTestExecutorService.invokeAll(SameThreadHierarchicalTestExecutorService.java:41)\n\tat org.junit.platform.engine.support.hierarchical.NodeTestTask.lambda$executeRecursively$6(NodeTestTask.java:155)\n\tat org.junit.platform.engine.support.hierarchical.ThrowableCollector.execute(ThrowableCollector.java:73)\n\tat org.junit.platform.engine.support.hierarchical.NodeTestTask.lambda$executeRecursively$8(NodeTestTask.java:141)\n\tat org.junit.platform.engine.support.hierarchical.Node.around(Node.java:137)\n\tat org.junit.platform.engine.support.hierarchical.NodeTestTask.lambda$executeRecursively$9(NodeTestTask.java:139)\n\tat org.junit.platform.engine.support.hierarchical.ThrowableCollector.execute(ThrowableCollector.java:73)\n\tat org.junit.platform.engine.support.hierarchical.NodeTestTask.executeRecursively(NodeTestTask.java:138)\n\tat org.junit.platform.engine.support.hierarchical.NodeTestTask.execute(NodeTestTask.java:95)\n\tat java.base/java.util.ArrayList.forEach(ArrayList.java:1596)\n\tat org.junit.platform.engine.support.hierarchical.SameThreadHierarchicalTestExecutorService.invokeAll(SameThreadHierarchicalTestExecutorService.java:41)\n\tat org.junit.platform.engine.support.hierarchical.NodeTestTask.lambda$executeRecursively$6(NodeTestTask.java:155)\n\tat org.junit.platform.engine.support.hierarchical.ThrowableCollector.execute(ThrowableCollector.java:73)\n\tat org.junit.platform.engine.support.hierarchical.NodeTestTask.lambda$executeRecursively$8(NodeTestTask.java:141)\n\tat org.junit.platform.engine.support.hierarchical.Node.around(Node.java:137)\n\tat org.junit.platform.engine.support.hierarchical.NodeTestTask.lambda$executeRecursively$9(NodeTestTask.java:139)\n\tat org.junit.platform.engine.support.hierarchical.ThrowableCollector.execute(ThrowableCollector.java:73)\n\tat org.junit.platform.engine.support.hierarchical.NodeTestTask.executeRecursively(NodeTestTask.java:138)\n\tat org.junit.platform.engine.support.hierarchical.NodeTestTask.execute(NodeTestTask.java:95)\n\tat org.junit.platform.engine.support.hierarchical.SameThreadHierarchicalTestExecutorService.submit(SameThreadHierarchicalTestExecutorService.java:35)\n\tat org.junit.platform.engine.support.hierarchical.HierarchicalTestExecutor.execute(HierarchicalTestExecutor.java:57)\n\tat org.junit.platform.engine.support.hierarchical.HierarchicalTestEngine.execute(HierarchicalTestEngine.java:54)\n\tat org.junit.platform.launcher.core.DefaultLauncher.execute(DefaultLauncher.java:229)\n\tat org.junit.platform.launcher.core.DefaultLauncher.lambda$execute$6(DefaultLauncher.java:197)\n\tat org.junit.platform.launcher.core.DefaultLauncher.withInterceptedStreams(DefaultLauncher.java:211)\n\tat org.junit.platform.launcher.core.DefaultLauncher.execute(DefaultLauncher.java:191)\n\tat org.junit.platform.launcher.core.DefaultLauncher.execute(DefaultLauncher.java:128)\n\tat org.apache.maven.surefire.junitplatform.JUnitPlatformProvider.invokeAllTests(JUnitPlatformProvider.java:165)\n\tat org.apache.maven.surefire.junitplatform.JUnitPlatformProvider.invoke(JUnitPlatformProvider.java:128)\n\tat org.apache.maven.surefire.booter.ForkedBooter.runSuitesInProcess(ForkedBooter.java:428)\n\tat org.apache.maven.surefire.booter.ForkedBooter.execute(ForkedBooter.java:162)\n\tat org.apache.maven.surefire.booter.ForkedBooter.run(ForkedBooter.java:562)\n\tat org.apache.maven.surefire.booter.ForkedBooter.main(ForkedBooter.java:548)\nCaused by: org.openqa.selenium.NoSuchElementException: An element could not be located on the page using the given search parameters.\nFor documentation on this error, please visit: https://www.seleniumhq.org/exceptions/no_such_element.html\nBuild info: version: '3.141.59', revision: 'e82be7d358', time: '2018-11-14T08:17:03'\nSystem info: host: 'Mac-mini-1.local', ip: '127.0.0.1', os.name: 'Mac OS X', os.arch: 'aarch64', os.version: '13.5.1', java.version: '21'\nDriver info: io.appium.java_client.android.AndroidDriver\nCapabilities {app: /Users/lmovsisyan/qa_emp_au..., appPackage: ru.sogaz.app.stage, appWaitActivity: ru.sogaz.app.ui.main.MainAc..., autoAcceptAlerts: true, autoGrantPermissions: true, automationName: UiAutomator2, avdArgs: -no-window, databaseEnabled: false, desired: {app: /Users/lmovsisyan/qa_emp_au..., appWaitActivity: ru.sogaz.app.ui.main.MainAc..., autoAcceptAlerts: true, autoGrantPermissions: true, automationName: UiAutomator2, avdArgs: -no-window, deviceName: 8ALX0UWHU, fullReset: false, gpsEnabled: true, isHeadless: false, platformName: android, uiautomator2ServerLaunchTimeout: 300000}, deviceApiLevel: 31, deviceManufacturer: Google, deviceModel: Pixel 3, deviceName: 8ALX0UWHU, deviceScreenDensity: 440, deviceScreenSize: 1080x2160, deviceUDID: 8ALX0UWHU, fullReset: false, gpsEnabled: true, isHeadless: false, javascriptEnabled: true, locationContextEnabled: false, networkConnectionEnabled: true, pixelRatio: 2.75, platform: LINUX, platformName: Android, platformVersion: 12, statBarHeight: 77, takesScreenshot: true, uiautomator2ServerLaunchTimeout: 300000, viewportRect: {height: 1951, left: 0, top: 77, width: 1080}, warnings: {}, webStorageEnabled: false}\nSession ID: f781c57f-75b4-4e99-8da1-760500a84dc6\n*** Element info: {Using=xpath, value=//android.widget.TextView[@text='свинина']/following-sibling::android.widget.ImageView[@resource-id='ru.sogaz.app.stage:id/delete']}\n\tat java.base/jdk.internal.reflect.DirectConstructorHandleAccessor.newInstance(DirectConstructorHandleAccessor.java:62)\n\tat java.base/java.lang.reflect.Constructor.newInstanceWithCaller(Constructor.java:502)\n\tat java.base/java.lang.reflect.Constructor.newInstance(Constructor.java:486)\n\tat org.openqa.selenium.remote.http.W3CHttpResponseCodec.createException(W3CHttpResponseCodec.java:187)\n\tat org.openqa.selenium.remote.http.W3CHttpResponseCodec.decode(W3CHttpResponseCodec.java:122)\n\tat org.openqa.selenium.remote.http.W3CHttpResponseCodec.decode(W3CHttpResponseCodec.java:49)\n\tat org.openqa.selenium.remote.HttpCommandExecutor.execute(HttpCommandExecutor.java:158)\n\tat io.appium.java_client.remote.AppiumCommandExecutor.execute(AppiumCommandExecutor.java:250)\n\tat org.openqa.selenium.remote.RemoteWebDriver.execute(RemoteWebDriver.java:552)\n\tat io.appium.java_client.DefaultGenericMobileDriver.execute(DefaultGenericMobileDriver.java:41)\n\tat io.appium.java_client.AppiumDriver.execute(AppiumDriver.java:1)\n\tat io.appium.java_client.android.AndroidDriver.execute(AndroidDriver.java:1)\n\tat org.openqa.selenium.remote.RemoteWebDriver.findElement(RemoteWebDriver.java:323)\n\tat io.appium.java_client.DefaultGenericMobileDriver.findElement(DefaultGenericMobileDriver.java:61)\n\tat io.appium.java_client.AppiumDriver.findElement(AppiumDriver.java:1)\n\tat io.appium.java_client.android.AndroidDriver.findElement(AndroidDriver.java:1)\n\tat org.openqa.selenium.remote.RemoteWebDriver.findElementByXPath(RemoteWebDriver.java:428)\n\tat io.appium.java_client.DefaultGenericMobileDriver.findElementByXPath(DefaultGenericMobileDriver.java:151)\n\tat io.appium.java_client.AppiumDriver.findElementByXPath(AppiumDriver.java:1)\n\tat io.appium.java_client.android.AndroidDriver.findElementByXPath(AndroidDriver.java:1)\n\tat org.openqa.selenium.By$ByXPath.findElement(By.java:353)\n\tat org.openqa.selenium.remote.RemoteWebDriver.findElement(RemoteWebDriver.java:315)\n\tat io.appium.java_client.DefaultGenericMobileDriver.findElement(DefaultGenericMobileDriver.java:57)\n\tat io.appium.java_client.AppiumDriver.findElement(AppiumDriver.java:1)\n\tat io.appium.java_client.android.AndroidDriver.findElement(AndroidDriver.java:1)\n\tat org.openqa.selenium.support.ui.ExpectedConditions$7.apply(ExpectedConditions.java:205)\n\tat org.openqa.selenium.support.ui.ExpectedConditions$7.apply(ExpectedConditions.java:201)\n\tat org.openqa.selenium.support.ui.ExpectedConditions$22.apply(ExpectedConditions.java:641)\n\tat org.openqa.selenium.support.ui.ExpectedConditions$22.apply(ExpectedConditions.java:638)\n\tat org.openqa.selenium.support.ui.FluentWait.until(FluentWait.java:249)\n\t... 66 more\n",
    "steps" : [ {
      "name" : "Add and delete allergy",
      "time" : {
        "start" : 1718100485373,
        "stop" : 1718100576515,
        "duration" : 91142
      },
      "status" : "broken",
      "statusMessage" : "Expected condition failed: waiting for element to be clickable: By.xpath: //android.widget.TextView[@text='свинина']/following-sibling::android.widget.ImageView[@resource-id='ru.sogaz.app.stage:id/delete'] (tried for 15 second(s) with 500 milliseconds interval)",
      "statusTrace" : "org.openqa.selenium.TimeoutException: Expected condition failed: waiting for element to be clickable: By.xpath: //android.widget.TextView[@text='свинина']/following-sibling::android.widget.ImageView[@resource-id='ru.sogaz.app.stage:id/delete'] (tried for 15 second(s) with 500 milliseconds interval)\n\tat org.openqa.selenium.support.ui.WebDriverWait.timeoutException(WebDriverWait.java:95)\n\tat org.openqa.selenium.support.ui.FluentWait.until(FluentWait.java:272)\n\tat MobileTesting.robots.RobotHelper.click(RobotHelper.java:33)\n\tat MobileTesting.robots.MedcardRobot.addAllergyFromList(MedcardRobot.java:342)\n\tat MobileTesting.tests.MedcardTest.allergyTests(MedcardTest.java:72)\n\tat java.base/jdk.internal.reflect.DirectMethodHandleAccessor.invoke(DirectMethodHandleAccessor.java:103)\n\tat java.base/java.lang.reflect.Method.invoke(Method.java:580)\n\tat org.junit.platform.commons.util.ReflectionUtils.invokeMethod(ReflectionUtils.java:727)\n\tat org.junit.jupiter.engine.execution.MethodInvocation.proceed(MethodInvocation.java:60)\n\tat org.junit.jupiter.engine.execution.InvocationInterceptorChain$ValidatingInvocation.proceed(InvocationInterceptorChain.java:131)\n\tat org.junit.jupiter.engine.extension.TimeoutExtension.intercept(TimeoutExtension.java:156)\n\tat org.junit.jupiter.engine.extension.TimeoutExtension.interceptTestableMethod(TimeoutExtension.java:147)\n\tat org.junit.jupiter.engine.extension.TimeoutExtension.interceptTestMethod(TimeoutExtension.java:86)\n\tat org.junit.jupiter.engine.execution.InterceptingExecutableInvoker$ReflectiveInterceptorCall.lambda$ofVoidMethod$0(InterceptingExecutableInvoker.java:103)\n\tat org.junit.jupiter.engine.execution.InterceptingExecutableInvoker.lambda$invoke$0(InterceptingExecutableInvoker.java:93)\n\tat org.junit.jupiter.engine.execution.InvocationInterceptorChain$InterceptedInvocation.proceed(InvocationInterceptorChain.java:106)\n\tat org.junit.jupiter.engine.execution.InvocationInterceptorChain.proceed(InvocationInterceptorChain.java:64)\n\tat org.junit.jupiter.engine.execution.InvocationInterceptorChain.chainAndInvoke(InvocationInterceptorChain.java:45)\n\tat org.junit.jupiter.engine.execution.InvocationInterceptorChain.invoke(InvocationInterceptorChain.java:37)\n\tat org.junit.jupiter.engine.execution.InterceptingExecutableInvoker.invoke(InterceptingExecutableInvoker.java:92)\n\tat org.junit.jupiter.engine.execution.InterceptingExecutableInvoker.invoke(InterceptingExecutableInvoker.java:86)\n\tat org.junit.jupiter.engine.descriptor.TestMethodTestDescriptor.lambda$invokeTestMethod$7(TestMethodTestDescriptor.java:217)\n\tat org.junit.platform.engine.support.hierarchical.ThrowableCollector.execute(ThrowableCollector.java:73)\n\tat org.junit.jupiter.engine.descriptor.TestMethodTestDescriptor.invokeTestMethod(TestMethodTestDescriptor.java:213)\n\tat org.junit.jupiter.engine.descriptor.TestMethodTestDescriptor.execute(TestMethodTestDescriptor.java:138)\n\tat org.junit.jupiter.engine.descriptor.TestMethodTestDescriptor.execute(TestMethodTestDescriptor.java:68)\n\tat org.junit.platform.engine.support.hierarchical.NodeTestTask.lambda$executeRecursively$6(NodeTestTask.java:151)\n\tat org.junit.platform.engine.support.hierarchical.ThrowableCollector.execute(ThrowableCollector.java:73)\n\tat org.junit.platform.engine.support.hierarchical.NodeTestTask.lambda$executeRecursively$8(NodeTestTask.java:141)\n\tat org.junit.platform.engine.support.hierarchical.Node.around(Node.java:137)\n\tat org.junit.platform.engine.support.hierarchical.NodeTestTask.lambda$executeRecursively$9(NodeTestTask.java:139)\n\tat org.junit.platform.engine.support.hierarchical.ThrowableCollector.execute(ThrowableCollector.java:73)\n\tat org.junit.platform.engine.support.hierarchical.NodeTestTask.executeRecursively(NodeTestTask.java:138)\n\tat org.junit.platform.engine.support.hierarchical.NodeTestTask.execute(NodeTestTask.java:95)\n\tat java.base/java.util.ArrayList.forEach(ArrayList.java:1596)\n\tat org.junit.platform.engine.support.hierarchical.SameThreadHierarchicalTestExecutorService.invokeAll(SameThreadHierarchicalTestExecutorService.java:41)\n\tat org.junit.platform.engine.support.hierarchical.NodeTestTask.lambda$executeRecursively$6(NodeTestTask.java:155)\n\tat org.junit.platform.engine.support.hierarchical.ThrowableCollector.execute(ThrowableCollector.java:73)\n\tat org.junit.platform.engine.support.hierarchical.NodeTestTask.lambda$executeRecursively$8(NodeTestTask.java:141)\n\tat org.junit.platform.engine.support.hierarchical.Node.around(Node.java:137)\n\tat org.junit.platform.engine.support.hierarchical.NodeTestTask.lambda$executeRecursively$9(NodeTestTask.java:139)\n\tat org.junit.platform.engine.support.hierarchical.ThrowableCollector.execute(ThrowableCollector.java:73)\n\tat org.junit.platform.engine.support.hierarchical.NodeTestTask.executeRecursively(NodeTestTask.java:138)\n\tat org.junit.platform.engine.support.hierarchical.NodeTestTask.execute(NodeTestTask.java:95)\n\tat java.base/java.util.ArrayList.forEach(ArrayList.java:1596)\n\tat org.junit.platform.engine.support.hierarchical.SameThreadHierarchicalTestExecutorService.invokeAll(SameThreadHierarchicalTestExecutorService.java:41)\n\tat org.junit.platform.engine.support.hierarchical.NodeTestTask.lambda$executeRecursively$6(NodeTestTask.java:155)\n\tat org.junit.platform.engine.support.hierarchical.ThrowableCollector.execute(ThrowableCollector.java:73)\n\tat org.junit.platform.engine.support.hierarchical.NodeTestTask.lambda$executeRecursively$8(NodeTestTask.java:141)\n\tat org.junit.platform.engine.support.hierarchical.Node.around(Node.java:137)\n\tat org.junit.platform.engine.support.hierarchical.NodeTestTask.lambda$executeRecursively$9(NodeTestTask.java:139)\n\tat org.junit.platform.engine.support.hierarchical.ThrowableCollector.execute(ThrowableCollector.java:73)\n\tat org.junit.platform.engine.support.hierarchical.NodeTestTask.executeRecursively(NodeTestTask.java:138)\n\tat org.junit.platform.engine.support.hierarchical.NodeTestTask.execute(NodeTestTask.java:95)\n\tat org.junit.platform.engine.support.hierarchical.SameThreadHierarchicalTestExecutorService.submit(SameThreadHierarchicalTestExecutorService.java:35)\n\tat org.junit.platform.engine.support.hierarchical.HierarchicalTestExecutor.execute(HierarchicalTestExecutor.java:57)\n\tat org.junit.platform.engine.support.hierarchical.HierarchicalTestEngine.execute(HierarchicalTestEngine.java:54)\n\tat org.junit.platform.launcher.core.DefaultLauncher.execute(DefaultLauncher.java:229)\n\tat org.junit.platform.launcher.core.DefaultLauncher.lambda$execute$6(DefaultLauncher.java:197)\n\tat org.junit.platform.launcher.core.DefaultLauncher.withInterceptedStreams(DefaultLauncher.java:211)\n\tat org.junit.platform.launcher.core.DefaultLauncher.execute(DefaultLauncher.java:191)\n\tat org.junit.platform.launcher.core.DefaultLauncher.execute(DefaultLauncher.java:128)\n\tat org.apache.maven.surefire.junitplatform.JUnitPlatformProvider.invokeAllTests(JUnitPlatformProvider.java:165)\n\tat org.apache.maven.surefire.junitplatform.JUnitPlatformProvider.invoke(JUnitPlatformProvider.java:128)\n\tat org.apache.maven.surefire.booter.ForkedBooter.runSuitesInProcess(ForkedBooter.java:428)\n\tat org.apache.maven.surefire.booter.ForkedBooter.execute(ForkedBooter.java:162)\n\tat org.apache.maven.surefire.booter.ForkedBooter.run(ForkedBooter.java:562)\n\tat org.apache.maven.surefire.booter.ForkedBooter.main(ForkedBooter.java:548)\nCaused by: org.openqa.selenium.NoSuchElementException: An element could not be located on the page using the given search parameters.\nFor documentation on this error, please visit: https://www.seleniumhq.org/exceptions/no_such_element.html\nBuild info: version: '3.141.59', revision: 'e82be7d358', time: '2018-11-14T08:17:03'\nSystem info: host: 'Mac-mini-1.local', ip: '127.0.0.1', os.name: 'Mac OS X', os.arch: 'aarch64', os.version: '13.5.1', java.version: '21'\nDriver info: io.appium.java_client.android.AndroidDriver\nCapabilities {app: /Users/lmovsisyan/qa_emp_au..., appPackage: ru.sogaz.app.stage, appWaitActivity: ru.sogaz.app.ui.main.MainAc..., autoAcceptAlerts: true, autoGrantPermissions: true, automationName: UiAutomator2, avdArgs: -no-window, databaseEnabled: false, desired: {app: /Users/lmovsisyan/qa_emp_au..., appWaitActivity: ru.sogaz.app.ui.main.MainAc..., autoAcceptAlerts: true, autoGrantPermissions: true, automationName: UiAutomator2, avdArgs: -no-window, deviceName: 8ALX0UWHU, fullReset: false, gpsEnabled: true, isHeadless: false, platformName: android, uiautomator2ServerLaunchTimeout: 300000}, deviceApiLevel: 31, deviceManufacturer: Google, deviceModel: Pixel 3, deviceName: 8ALX0UWHU, deviceScreenDensity: 440, deviceScreenSize: 1080x2160, deviceUDID: 8ALX0UWHU, fullReset: false, gpsEnabled: true, isHeadless: false, javascriptEnabled: true, locationContextEnabled: false, networkConnectionEnabled: true, pixelRatio: 2.75, platform: LINUX, platformName: Android, platformVersion: 12, statBarHeight: 77, takesScreenshot: true, uiautomator2ServerLaunchTimeout: 300000, viewportRect: {height: 1951, left: 0, top: 77, width: 1080}, warnings: {}, webStorageEnabled: false}\nSession ID: f781c57f-75b4-4e99-8da1-760500a84dc6\n*** Element info: {Using=xpath, value=//android.widget.TextView[@text='свинина']/following-sibling::android.widget.ImageView[@resource-id='ru.sogaz.app.stage:id/delete']}\n\tat java.base/jdk.internal.reflect.DirectConstructorHandleAccessor.newInstance(DirectConstructorHandleAccessor.java:62)\n\tat java.base/java.lang.reflect.Constructor.newInstanceWithCaller(Constructor.java:502)\n\tat java.base/java.lang.reflect.Constructor.newInstance(Constructor.java:486)\n\tat org.openqa.selenium.remote.http.W3CHttpResponseCodec.createException(W3CHttpResponseCodec.java:187)\n\tat org.openqa.selenium.remote.http.W3CHttpResponseCodec.decode(W3CHttpResponseCodec.java:122)\n\tat org.openqa.selenium.remote.http.W3CHttpResponseCodec.decode(W3CHttpResponseCodec.java:49)\n\tat org.openqa.selenium.remote.HttpCommandExecutor.execute(HttpCommandExecutor.java:158)\n\tat io.appium.java_client.remote.AppiumCommandExecutor.execute(AppiumCommandExecutor.java:250)\n\tat org.openqa.selenium.remote.RemoteWebDriver.execute(RemoteWebDriver.java:552)\n\tat io.appium.java_client.DefaultGenericMobileDriver.execute(DefaultGenericMobileDriver.java:41)\n\tat io.appium.java_client.AppiumDriver.execute(AppiumDriver.java:1)\n\tat io.appium.java_client.android.AndroidDriver.execute(AndroidDriver.java:1)\n\tat org.openqa.selenium.remote.RemoteWebDriver.findElement(RemoteWebDriver.java:323)\n\tat io.appium.java_client.DefaultGenericMobileDriver.findElement(DefaultGenericMobileDriver.java:61)\n\tat io.appium.java_client.AppiumDriver.findElement(AppiumDriver.java:1)\n\tat io.appium.java_client.android.AndroidDriver.findElement(AndroidDriver.java:1)\n\tat org.openqa.selenium.remote.RemoteWebDriver.findElementByXPath(RemoteWebDriver.java:428)\n\tat io.appium.java_client.DefaultGenericMobileDriver.findElementByXPath(DefaultGenericMobileDriver.java:151)\n\tat io.appium.java_client.AppiumDriver.findElementByXPath(AppiumDriver.java:1)\n\tat io.appium.java_client.android.AndroidDriver.findElementByXPath(AndroidDriver.java:1)\n\tat org.openqa.selenium.By$ByXPath.findElement(By.java:353)\n\tat org.openqa.selenium.remote.RemoteWebDriver.findElement(RemoteWebDriver.java:315)\n\tat io.appium.java_client.DefaultGenericMobileDriver.findElement(DefaultGenericMobileDriver.java:57)\n\tat io.appium.java_client.AppiumDriver.findElement(AppiumDriver.java:1)\n\tat io.appium.java_client.android.AndroidDriver.findElement(AndroidDriver.java:1)\n\tat org.openqa.selenium.support.ui.ExpectedConditions$7.apply(ExpectedConditions.java:205)\n\tat org.openqa.selenium.support.ui.ExpectedConditions$7.apply(ExpectedConditions.java:201)\n\tat org.openqa.selenium.support.ui.ExpectedConditions$22.apply(ExpectedConditions.java:641)\n\tat org.openqa.selenium.support.ui.ExpectedConditions$22.apply(ExpectedConditions.java:638)\n\tat org.openqa.selenium.support.ui.FluentWait.until(FluentWait.java:249)\n\t... 66 more\n",
      "steps" : [ {
        "name" : "Login",
        "time" : {
          "start" : 1718100485373,
          "stop" : 1718100547647,
          "duration" : 62274
        },
        "status" : "passed",
        "steps" : [ {
          "name" : "Fill and send login form",
          "time" : {
            "start" : 1718100485373,
            "stop" : 1718100514962,
            "duration" : 29589
          },
          "status" : "passed",
          "steps" : [ {
            "name" : "Click on authorization button",
            "time" : {
              "start" : 1718100485373,
              "stop" : 1718100488953,
              "duration" : 3580
            },
            "status" : "passed",
            "steps" : [ ],
            "attachments" : [ {
              "uid" : "562b2a4cf2af9518",
              "name" : "Login form",
              "source" : "562b2a4cf2af9518.png",
              "type" : "image/png",
              "size" : 80774
            } ],
            "parameters" : [ ],
            "stepsCount" : 0,
            "hasContent" : true,
            "attachmentsCount" : 1,
            "shouldDisplayMessage" : false
          }, {
            "name" : "Input email",
            "time" : {
              "start" : 1718100488953,
              "stop" : 1718100490185,
              "duration" : 1232
            },
            "status" : "passed",
            "steps" : [ ],
            "attachments" : [ ],
            "parameters" : [ {
              "name" : "username",
              "value" : "artur.antonov@overteam.ru"
            } ],
            "stepsCount" : 0,
            "hasContent" : true,
            "attachmentsCount" : 0,
            "shouldDisplayMessage" : false
          }, {
            "name" : "Input password",
            "time" : {
              "start" : 1718100490186,
              "stop" : 1718100492910,
              "duration" : 2724
            },
            "status" : "passed",
            "steps" : [ ],
            "attachments" : [ ],
            "parameters" : [ {
              "name" : "password",
              "value" : "Artur.antonov@overteam.ru1101"
            } ],
            "stepsCount" : 0,
            "hasContent" : true,
            "attachmentsCount" : 0,
            "shouldDisplayMessage" : false
          }, {
            "name" : "Click on login button",
            "time" : {
              "start" : 1718100492910,
              "stop" : 1718100494622,
              "duration" : 1712
            },
            "status" : "passed",
            "steps" : [ ],
            "attachments" : [ {
              "uid" : "134953bf21bef843",
              "name" : "Login form filled",
              "source" : "134953bf21bef843.png",
              "type" : "image/png",
              "size" : 141157
            } ],
            "parameters" : [ ],
            "stepsCount" : 0,
            "hasContent" : true,
            "attachmentsCount" : 1,
            "shouldDisplayMessage" : false
          }, {
            "name" : "Confirm captcha",
            "time" : {
              "start" : 1718100510159,
              "stop" : 1718100512125,
              "duration" : 1966
            },
            "status" : "passed",
            "steps" : [ ],
            "attachments" : [ {
              "uid" : "d9b308c06206a920",
              "name" : "Captcha solved",
              "source" : "d9b308c06206a920.png",
              "type" : "image/png",
              "size" : 176195
            } ],
            "parameters" : [ ],
            "stepsCount" : 0,
            "hasContent" : true,
            "attachmentsCount" : 1,
            "shouldDisplayMessage" : false
          }, {
            "name" : "Click on login button",
            "time" : {
              "start" : 1718100512992,
              "stop" : 1718100514962,
              "duration" : 1970
            },
            "status" : "passed",
            "steps" : [ ],
            "attachments" : [ {
              "uid" : "ee6a16dc4b079ba2",
              "name" : "Login form filled",
              "source" : "ee6a16dc4b079ba2.png",
              "type" : "image/png",
              "size" : 86400
            } ],
            "parameters" : [ ],
            "stepsCount" : 0,
            "hasContent" : true,
            "attachmentsCount" : 1,
            "shouldDisplayMessage" : false
          } ],
          "attachments" : [ {
            "uid" : "40b3d91f6ac033d0",
            "name" : "Login form after captcha",
            "source" : "40b3d91f6ac033d0.png",
            "type" : "image/png",
            "size" : 172353
          } ],
          "parameters" : [ {
            "name" : "username",
            "value" : "artur.antonov@overteam.ru"
          }, {
            "name" : "password",
            "value" : "Artur.antonov@overteam.ru1101"
          } ],
          "stepsCount" : 6,
          "hasContent" : true,
          "attachmentsCount" : 5,
          "shouldDisplayMessage" : false
        }, {
          "name" : "Enter PIN code",
          "time" : {
            "start" : 1718100514962,
            "stop" : 1718100547647,
            "duration" : 32685
          },
          "status" : "passed",
          "steps" : [ ],
          "attachments" : [ {
            "uid" : "3058bdbf5e518193",
            "name" : "Think of PIN screen",
            "source" : "3058bdbf5e518193.png",
            "type" : "image/png",
            "size" : 52272
          }, {
            "uid" : "b18877f36b9aaf26",
            "name" : "Confirm of PIN screen",
            "source" : "b18877f36b9aaf26.png",
            "type" : "image/png",
            "size" : 49422
          }, {
            "uid" : "f88f0c507ce60d6",
            "name" : "Notifications permission",
            "source" : "f88f0c507ce60d6.png",
            "type" : "image/png",
            "size" : 112986
          }, {
            "uid" : "337ba1e30a11dd85",
            "name" : "Health permission",
            "source" : "337ba1e30a11dd85.png",
            "type" : "image/png",
            "size" : 148401
          }, {
            "uid" : "fa22506d90287ad",
            "name" : "Health page",
            "source" : "fa22506d90287ad.png",
            "type" : "image/png",
            "size" : 252248
          } ],
          "parameters" : [ ],
          "stepsCount" : 0,
          "hasContent" : true,
          "attachmentsCount" : 5,
          "shouldDisplayMessage" : false
        } ],
        "attachments" : [ ],
        "parameters" : [ {
          "name" : "username",
          "value" : "artur.antonov@overteam.ru"
        }, {
          "name" : "password",
          "value" : "Artur.antonov@overteam.ru1101"
        } ],
        "stepsCount" : 8,
        "hasContent" : true,
        "attachmentsCount" : 10,
        "shouldDisplayMessage" : false
      }, {
        "name" : "Click on medical card",
        "time" : {
          "start" : 1718100547647,
          "stop" : 1718100554282,
          "duration" : 6635
        },
        "status" : "passed",
        "steps" : [ ],
        "attachments" : [ ],
        "parameters" : [ ],
        "stepsCount" : 0,
        "hasContent" : false,
        "attachmentsCount" : 0,
        "shouldDisplayMessage" : false
      }, {
        "name" : "Open allergies section",
        "time" : {
          "start" : 1718100554282,
          "stop" : 1718100555307,
          "duration" : 1025
        },
        "status" : "passed",
        "steps" : [ ],
        "attachments" : [ ],
        "parameters" : [ ],
        "stepsCount" : 0,
        "hasContent" : false,
        "attachmentsCount" : 0,
        "shouldDisplayMessage" : false
      }, {
        "name" : "Add allergy from list",
        "time" : {
          "start" : 1718100555307,
          "stop" : 1718100576514,
          "duration" : 21207
        },
        "status" : "broken",
        "statusMessage" : "Expected condition failed: waiting for element to be clickable: By.xpath: //android.widget.TextView[@text='свинина']/following-sibling::android.widget.ImageView[@resource-id='ru.sogaz.app.stage:id/delete'] (tried for 15 second(s) with 500 milliseconds interval)",
        "statusTrace" : "org.openqa.selenium.TimeoutException: Expected condition failed: waiting for element to be clickable: By.xpath: //android.widget.TextView[@text='свинина']/following-sibling::android.widget.ImageView[@resource-id='ru.sogaz.app.stage:id/delete'] (tried for 15 second(s) with 500 milliseconds interval)\n\tat org.openqa.selenium.support.ui.WebDriverWait.timeoutException(WebDriverWait.java:95)\n\tat org.openqa.selenium.support.ui.FluentWait.until(FluentWait.java:272)\n\tat MobileTesting.robots.RobotHelper.click(RobotHelper.java:33)\n\tat MobileTesting.robots.MedcardRobot.addAllergyFromList(MedcardRobot.java:342)\n\tat MobileTesting.tests.MedcardTest.allergyTests(MedcardTest.java:72)\n\tat java.base/jdk.internal.reflect.DirectMethodHandleAccessor.invoke(DirectMethodHandleAccessor.java:103)\n\tat java.base/java.lang.reflect.Method.invoke(Method.java:580)\n\tat org.junit.platform.commons.util.ReflectionUtils.invokeMethod(ReflectionUtils.java:727)\n\tat org.junit.jupiter.engine.execution.MethodInvocation.proceed(MethodInvocation.java:60)\n\tat org.junit.jupiter.engine.execution.InvocationInterceptorChain$ValidatingInvocation.proceed(InvocationInterceptorChain.java:131)\n\tat org.junit.jupiter.engine.extension.TimeoutExtension.intercept(TimeoutExtension.java:156)\n\tat org.junit.jupiter.engine.extension.TimeoutExtension.interceptTestableMethod(TimeoutExtension.java:147)\n\tat org.junit.jupiter.engine.extension.TimeoutExtension.interceptTestMethod(TimeoutExtension.java:86)\n\tat org.junit.jupiter.engine.execution.InterceptingExecutableInvoker$ReflectiveInterceptorCall.lambda$ofVoidMethod$0(InterceptingExecutableInvoker.java:103)\n\tat org.junit.jupiter.engine.execution.InterceptingExecutableInvoker.lambda$invoke$0(InterceptingExecutableInvoker.java:93)\n\tat org.junit.jupiter.engine.execution.InvocationInterceptorChain$InterceptedInvocation.proceed(InvocationInterceptorChain.java:106)\n\tat org.junit.jupiter.engine.execution.InvocationInterceptorChain.proceed(InvocationInterceptorChain.java:64)\n\tat org.junit.jupiter.engine.execution.InvocationInterceptorChain.chainAndInvoke(InvocationInterceptorChain.java:45)\n\tat org.junit.jupiter.engine.execution.InvocationInterceptorChain.invoke(InvocationInterceptorChain.java:37)\n\tat org.junit.jupiter.engine.execution.InterceptingExecutableInvoker.invoke(InterceptingExecutableInvoker.java:92)\n\tat org.junit.jupiter.engine.execution.InterceptingExecutableInvoker.invoke(InterceptingExecutableInvoker.java:86)\n\tat org.junit.jupiter.engine.descriptor.TestMethodTestDescriptor.lambda$invokeTestMethod$7(TestMethodTestDescriptor.java:217)\n\tat org.junit.platform.engine.support.hierarchical.ThrowableCollector.execute(ThrowableCollector.java:73)\n\tat org.junit.jupiter.engine.descriptor.TestMethodTestDescriptor.invokeTestMethod(TestMethodTestDescriptor.java:213)\n\tat org.junit.jupiter.engine.descriptor.TestMethodTestDescriptor.execute(TestMethodTestDescriptor.java:138)\n\tat org.junit.jupiter.engine.descriptor.TestMethodTestDescriptor.execute(TestMethodTestDescriptor.java:68)\n\tat org.junit.platform.engine.support.hierarchical.NodeTestTask.lambda$executeRecursively$6(NodeTestTask.java:151)\n\tat org.junit.platform.engine.support.hierarchical.ThrowableCollector.execute(ThrowableCollector.java:73)\n\tat org.junit.platform.engine.support.hierarchical.NodeTestTask.lambda$executeRecursively$8(NodeTestTask.java:141)\n\tat org.junit.platform.engine.support.hierarchical.Node.around(Node.java:137)\n\tat org.junit.platform.engine.support.hierarchical.NodeTestTask.lambda$executeRecursively$9(NodeTestTask.java:139)\n\tat org.junit.platform.engine.support.hierarchical.ThrowableCollector.execute(ThrowableCollector.java:73)\n\tat org.junit.platform.engine.support.hierarchical.NodeTestTask.executeRecursively(NodeTestTask.java:138)\n\tat org.junit.platform.engine.support.hierarchical.NodeTestTask.execute(NodeTestTask.java:95)\n\tat java.base/java.util.ArrayList.forEach(ArrayList.java:1596)\n\tat org.junit.platform.engine.support.hierarchical.SameThreadHierarchicalTestExecutorService.invokeAll(SameThreadHierarchicalTestExecutorService.java:41)\n\tat org.junit.platform.engine.support.hierarchical.NodeTestTask.lambda$executeRecursively$6(NodeTestTask.java:155)\n\tat org.junit.platform.engine.support.hierarchical.ThrowableCollector.execute(ThrowableCollector.java:73)\n\tat org.junit.platform.engine.support.hierarchical.NodeTestTask.lambda$executeRecursively$8(NodeTestTask.java:141)\n\tat org.junit.platform.engine.support.hierarchical.Node.around(Node.java:137)\n\tat org.junit.platform.engine.support.hierarchical.NodeTestTask.lambda$executeRecursively$9(NodeTestTask.java:139)\n\tat org.junit.platform.engine.support.hierarchical.ThrowableCollector.execute(ThrowableCollector.java:73)\n\tat org.junit.platform.engine.support.hierarchical.NodeTestTask.executeRecursively(NodeTestTask.java:138)\n\tat org.junit.platform.engine.support.hierarchical.NodeTestTask.execute(NodeTestTask.java:95)\n\tat java.base/java.util.ArrayList.forEach(ArrayList.java:1596)\n\tat org.junit.platform.engine.support.hierarchical.SameThreadHierarchicalTestExecutorService.invokeAll(SameThreadHierarchicalTestExecutorService.java:41)\n\tat org.junit.platform.engine.support.hierarchical.NodeTestTask.lambda$executeRecursively$6(NodeTestTask.java:155)\n\tat org.junit.platform.engine.support.hierarchical.ThrowableCollector.execute(ThrowableCollector.java:73)\n\tat org.junit.platform.engine.support.hierarchical.NodeTestTask.lambda$executeRecursively$8(NodeTestTask.java:141)\n\tat org.junit.platform.engine.support.hierarchical.Node.around(Node.java:137)\n\tat org.junit.platform.engine.support.hierarchical.NodeTestTask.lambda$executeRecursively$9(NodeTestTask.java:139)\n\tat org.junit.platform.engine.support.hierarchical.ThrowableCollector.execute(ThrowableCollector.java:73)\n\tat org.junit.platform.engine.support.hierarchical.NodeTestTask.executeRecursively(NodeTestTask.java:138)\n\tat org.junit.platform.engine.support.hierarchical.NodeTestTask.execute(NodeTestTask.java:95)\n\tat org.junit.platform.engine.support.hierarchical.SameThreadHierarchicalTestExecutorService.submit(SameThreadHierarchicalTestExecutorService.java:35)\n\tat org.junit.platform.engine.support.hierarchical.HierarchicalTestExecutor.execute(HierarchicalTestExecutor.java:57)\n\tat org.junit.platform.engine.support.hierarchical.HierarchicalTestEngine.execute(HierarchicalTestEngine.java:54)\n\tat org.junit.platform.launcher.core.DefaultLauncher.execute(DefaultLauncher.java:229)\n\tat org.junit.platform.launcher.core.DefaultLauncher.lambda$execute$6(DefaultLauncher.java:197)\n\tat org.junit.platform.launcher.core.DefaultLauncher.withInterceptedStreams(DefaultLauncher.java:211)\n\tat org.junit.platform.launcher.core.DefaultLauncher.execute(DefaultLauncher.java:191)\n\tat org.junit.platform.launcher.core.DefaultLauncher.execute(DefaultLauncher.java:128)\n\tat org.apache.maven.surefire.junitplatform.JUnitPlatformProvider.invokeAllTests(JUnitPlatformProvider.java:165)\n\tat org.apache.maven.surefire.junitplatform.JUnitPlatformProvider.invoke(JUnitPlatformProvider.java:128)\n\tat org.apache.maven.surefire.booter.ForkedBooter.runSuitesInProcess(ForkedBooter.java:428)\n\tat org.apache.maven.surefire.booter.ForkedBooter.execute(ForkedBooter.java:162)\n\tat org.apache.maven.surefire.booter.ForkedBooter.run(ForkedBooter.java:562)\n\tat org.apache.maven.surefire.booter.ForkedBooter.main(ForkedBooter.java:548)\nCaused by: org.openqa.selenium.NoSuchElementException: An element could not be located on the page using the given search parameters.\nFor documentation on this error, please visit: https://www.seleniumhq.org/exceptions/no_such_element.html\nBuild info: version: '3.141.59', revision: 'e82be7d358', time: '2018-11-14T08:17:03'\nSystem info: host: 'Mac-mini-1.local', ip: '127.0.0.1', os.name: 'Mac OS X', os.arch: 'aarch64', os.version: '13.5.1', java.version: '21'\nDriver info: io.appium.java_client.android.AndroidDriver\nCapabilities {app: /Users/lmovsisyan/qa_emp_au..., appPackage: ru.sogaz.app.stage, appWaitActivity: ru.sogaz.app.ui.main.MainAc..., autoAcceptAlerts: true, autoGrantPermissions: true, automationName: UiAutomator2, avdArgs: -no-window, databaseEnabled: false, desired: {app: /Users/lmovsisyan/qa_emp_au..., appWaitActivity: ru.sogaz.app.ui.main.MainAc..., autoAcceptAlerts: true, autoGrantPermissions: true, automationName: UiAutomator2, avdArgs: -no-window, deviceName: 8ALX0UWHU, fullReset: false, gpsEnabled: true, isHeadless: false, platformName: android, uiautomator2ServerLaunchTimeout: 300000}, deviceApiLevel: 31, deviceManufacturer: Google, deviceModel: Pixel 3, deviceName: 8ALX0UWHU, deviceScreenDensity: 440, deviceScreenSize: 1080x2160, deviceUDID: 8ALX0UWHU, fullReset: false, gpsEnabled: true, isHeadless: false, javascriptEnabled: true, locationContextEnabled: false, networkConnectionEnabled: true, pixelRatio: 2.75, platform: LINUX, platformName: Android, platformVersion: 12, statBarHeight: 77, takesScreenshot: true, uiautomator2ServerLaunchTimeout: 300000, viewportRect: {height: 1951, left: 0, top: 77, width: 1080}, warnings: {}, webStorageEnabled: false}\nSession ID: f781c57f-75b4-4e99-8da1-760500a84dc6\n*** Element info: {Using=xpath, value=//android.widget.TextView[@text='свинина']/following-sibling::android.widget.ImageView[@resource-id='ru.sogaz.app.stage:id/delete']}\n\tat java.base/jdk.internal.reflect.DirectConstructorHandleAccessor.newInstance(DirectConstructorHandleAccessor.java:62)\n\tat java.base/java.lang.reflect.Constructor.newInstanceWithCaller(Constructor.java:502)\n\tat java.base/java.lang.reflect.Constructor.newInstance(Constructor.java:486)\n\tat org.openqa.selenium.remote.http.W3CHttpResponseCodec.createException(W3CHttpResponseCodec.java:187)\n\tat org.openqa.selenium.remote.http.W3CHttpResponseCodec.decode(W3CHttpResponseCodec.java:122)\n\tat org.openqa.selenium.remote.http.W3CHttpResponseCodec.decode(W3CHttpResponseCodec.java:49)\n\tat org.openqa.selenium.remote.HttpCommandExecutor.execute(HttpCommandExecutor.java:158)\n\tat io.appium.java_client.remote.AppiumCommandExecutor.execute(AppiumCommandExecutor.java:250)\n\tat org.openqa.selenium.remote.RemoteWebDriver.execute(RemoteWebDriver.java:552)\n\tat io.appium.java_client.DefaultGenericMobileDriver.execute(DefaultGenericMobileDriver.java:41)\n\tat io.appium.java_client.AppiumDriver.execute(AppiumDriver.java:1)\n\tat io.appium.java_client.android.AndroidDriver.execute(AndroidDriver.java:1)\n\tat org.openqa.selenium.remote.RemoteWebDriver.findElement(RemoteWebDriver.java:323)\n\tat io.appium.java_client.DefaultGenericMobileDriver.findElement(DefaultGenericMobileDriver.java:61)\n\tat io.appium.java_client.AppiumDriver.findElement(AppiumDriver.java:1)\n\tat io.appium.java_client.android.AndroidDriver.findElement(AndroidDriver.java:1)\n\tat org.openqa.selenium.remote.RemoteWebDriver.findElementByXPath(RemoteWebDriver.java:428)\n\tat io.appium.java_client.DefaultGenericMobileDriver.findElementByXPath(DefaultGenericMobileDriver.java:151)\n\tat io.appium.java_client.AppiumDriver.findElementByXPath(AppiumDriver.java:1)\n\tat io.appium.java_client.android.AndroidDriver.findElementByXPath(AndroidDriver.java:1)\n\tat org.openqa.selenium.By$ByXPath.findElement(By.java:353)\n\tat org.openqa.selenium.remote.RemoteWebDriver.findElement(RemoteWebDriver.java:315)\n\tat io.appium.java_client.DefaultGenericMobileDriver.findElement(DefaultGenericMobileDriver.java:57)\n\tat io.appium.java_client.AppiumDriver.findElement(AppiumDriver.java:1)\n\tat io.appium.java_client.android.AndroidDriver.findElement(AndroidDriver.java:1)\n\tat org.openqa.selenium.support.ui.ExpectedConditions$7.apply(ExpectedConditions.java:205)\n\tat org.openqa.selenium.support.ui.ExpectedConditions$7.apply(ExpectedConditions.java:201)\n\tat org.openqa.selenium.support.ui.ExpectedConditions$22.apply(ExpectedConditions.java:641)\n\tat org.openqa.selenium.support.ui.ExpectedConditions$22.apply(ExpectedConditions.java:638)\n\tat org.openqa.selenium.support.ui.FluentWait.until(FluentWait.java:249)\n\t... 66 more\n",
        "steps" : [ ],
        "attachments" : [ ],
        "parameters" : [ ],
        "stepsCount" : 0,
        "hasContent" : true,
        "attachmentsCount" : 0,
        "shouldDisplayMessage" : true
      } ],
      "attachments" : [ ],
      "parameters" : [ ],
      "stepsCount" : 12,
      "hasContent" : true,
      "attachmentsCount" : 10,
      "shouldDisplayMessage" : false
    } ],
    "attachments" : [ {
      "uid" : "9f320b75ab7d2adb",
      "name" : "Final screenshot",
      "source" : "9f320b75ab7d2adb.png",
      "type" : "image/png",
      "size" : 139456
    } ],
    "parameters" : [ ],
    "stepsCount" : 13,
    "hasContent" : true,
    "attachmentsCount" : 11,
    "shouldDisplayMessage" : false
  },
  "afterStages" : [ ],
  "labels" : [ {
    "name" : "host",
    "value" : "Mac-mini-1.local"
  }, {
    "name" : "thread",
    "value" : "80697@Mac-mini-1.local.main(1)"
  }, {
    "name" : "framework",
    "value" : "junit-platform"
  }, {
    "name" : "language",
    "value" : "java"
  }, {
    "name" : "package",
    "value" : "MobileTesting.tests.MedcardTest"
  }, {
    "name" : "testClass",
    "value" : "MobileTesting.tests.MedcardTest"
  }, {
    "name" : "testMethod",
    "value" : "allergyTests"
  }, {
    "name" : "suite",
    "value" : "MobileTesting.tests.MedcardTest"
  }, {
    "name" : "resultFormat",
    "value" : "allure2"
  } ],
  "parameters" : [ ],
  "links" : [ ],
  "hidden" : false,
  "retry" : false,
  "extra" : {
    "severity" : "normal",
    "retries" : [ ],
    "categories" : [ {
      "name" : "Test defects",
      "matchedStatuses" : [ ],
      "flaky" : false
    } ],
    "history" : {
      "statistic" : {
        "failed" : 1,
        "broken" : 1,
        "skipped" : 0,
        "passed" : 6,
        "unknown" : 0,
        "total" : 8
      },
      "items" : [ {
        "uid" : "11ad3736be2908ca",
        "status" : "failed",
        "statusDetails" : "Element not found: By.xpath: //android.widget.TextView[@text=\"Данные об аллергии добавлены\"]",
        "time" : {
          "start" : 1717758756776,
          "stop" : 1717758885559,
          "duration" : 128783
        }
      }, {
        "uid" : "302f47f3945cca40",
        "status" : "passed",
        "time" : {
          "start" : 1717663273779,
          "stop" : 1717663401422,
          "duration" : 127643
        }
      }, {
        "uid" : "33a43a078d375267",
        "status" : "passed",
        "time" : {
          "start" : 1717026235507,
          "stop" : 1717026380003,
          "duration" : 144496
        }
      }, {
        "uid" : "8a82a99a814a5c61",
        "status" : "passed",
        "time" : {
          "start" : 1717016571582,
          "stop" : 1717016689897,
          "duration" : 118315
        }
      }, {
        "uid" : "f9ea9b1f0722b6d4",
        "status" : "passed",
        "time" : {
          "start" : 1717004995952,
          "stop" : 1717005117833,
          "duration" : 121881
        }
      }, {
        "uid" : "eb2e7098fd8ad6ac",
        "status" : "passed",
        "time" : {
          "start" : 1716907335947,
          "stop" : 1716907452810,
          "duration" : 116863
        }
      }, {
        "uid" : "501a4ffcfea88331",
        "status" : "passed",
        "time" : {
          "start" : 1716884077346,
          "stop" : 1716884191551,
          "duration" : 114205
        }
      } ]
    },
    "tags" : [ ]
  },
  "source" : "3ab5f3146678aa66.json",
  "parameterValues" : [ ]
}