{
  "uid" : "6470e008fce97ce9",
  "name" : "register()",
  "fullName" : "MobileTesting.tests.ElregTest.register",
  "historyId" : "3456ff090bb6eaaf81ffe6abf3d31071",
  "time" : {
    "start" : 1718953243624,
    "stop" : 1718954007458,
    "duration" : 763834
  },
  "description" : "Successful register",
  "descriptionHtml" : "<p>Successful register</p>\n",
  "status" : "failed",
  "statusMessage" : "Element not found with accessibility ID: By.xpath: //XCUIElementTypeStaticText[@name=\"Неудаляемый Гаврила Иванович\"]",
  "statusTrace" : "java.lang.AssertionError: Element not found with accessibility ID: By.xpath: //XCUIElementTypeStaticText[@name=\"Неудаляемый Гаврила Иванович\"]\n\tat MobileTesting.robots.RobotHelper.assertElementsExist(RobotHelper.java:256)\n\tat MobileTesting.robots.ElregRobot.checkTimeline(ElregRobot.java:70)\n\tat MobileTesting.tests.ElregTest.register(ElregTest.java:28)\n\tat java.base/jdk.internal.reflect.DirectMethodHandleAccessor.invoke(DirectMethodHandleAccessor.java:103)\n\tat java.base/java.lang.reflect.Method.invoke(Method.java:580)\n\tat org.junit.platform.commons.util.ReflectionUtils.invokeMethod(ReflectionUtils.java:727)\n\tat org.junit.jupiter.engine.execution.MethodInvocation.proceed(MethodInvocation.java:60)\n\tat org.junit.jupiter.engine.execution.InvocationInterceptorChain$ValidatingInvocation.proceed(InvocationInterceptorChain.java:131)\n\tat org.junit.jupiter.engine.extension.TimeoutExtension.intercept(TimeoutExtension.java:156)\n\tat org.junit.jupiter.engine.extension.TimeoutExtension.interceptTestableMethod(TimeoutExtension.java:147)\n\tat org.junit.jupiter.engine.extension.TimeoutExtension.interceptTestMethod(TimeoutExtension.java:86)\n\tat org.junit.jupiter.engine.execution.InterceptingExecutableInvoker$ReflectiveInterceptorCall.lambda$ofVoidMethod$0(InterceptingExecutableInvoker.java:103)\n\tat org.junit.jupiter.engine.execution.InterceptingExecutableInvoker.lambda$invoke$0(InterceptingExecutableInvoker.java:93)\n\tat org.junit.jupiter.engine.execution.InvocationInterceptorChain$InterceptedInvocation.proceed(InvocationInterceptorChain.java:106)\n\tat org.junit.jupiter.engine.execution.InvocationInterceptorChain.proceed(InvocationInterceptorChain.java:64)\n\tat org.junit.jupiter.engine.execution.InvocationInterceptorChain.chainAndInvoke(InvocationInterceptorChain.java:45)\n\tat org.junit.jupiter.engine.execution.InvocationInterceptorChain.invoke(InvocationInterceptorChain.java:37)\n\tat org.junit.jupiter.engine.execution.InterceptingExecutableInvoker.invoke(InterceptingExecutableInvoker.java:92)\n\tat org.junit.jupiter.engine.execution.InterceptingExecutableInvoker.invoke(InterceptingExecutableInvoker.java:86)\n\tat org.junit.jupiter.engine.descriptor.TestMethodTestDescriptor.lambda$invokeTestMethod$7(TestMethodTestDescriptor.java:217)\n\tat org.junit.platform.engine.support.hierarchical.ThrowableCollector.execute(ThrowableCollector.java:73)\n\tat org.junit.jupiter.engine.descriptor.TestMethodTestDescriptor.invokeTestMethod(TestMethodTestDescriptor.java:213)\n\tat org.junit.jupiter.engine.descriptor.TestMethodTestDescriptor.execute(TestMethodTestDescriptor.java:138)\n\tat org.junit.jupiter.engine.descriptor.TestMethodTestDescriptor.execute(TestMethodTestDescriptor.java:68)\n\tat org.junit.platform.engine.support.hierarchical.NodeTestTask.lambda$executeRecursively$6(NodeTestTask.java:151)\n\tat org.junit.platform.engine.support.hierarchical.ThrowableCollector.execute(ThrowableCollector.java:73)\n\tat org.junit.platform.engine.support.hierarchical.NodeTestTask.lambda$executeRecursively$8(NodeTestTask.java:141)\n\tat org.junit.platform.engine.support.hierarchical.Node.around(Node.java:137)\n\tat org.junit.platform.engine.support.hierarchical.NodeTestTask.lambda$executeRecursively$9(NodeTestTask.java:139)\n\tat org.junit.platform.engine.support.hierarchical.ThrowableCollector.execute(ThrowableCollector.java:73)\n\tat org.junit.platform.engine.support.hierarchical.NodeTestTask.executeRecursively(NodeTestTask.java:138)\n\tat org.junit.platform.engine.support.hierarchical.NodeTestTask.execute(NodeTestTask.java:95)\n\tat java.base/java.util.ArrayList.forEach(ArrayList.java:1596)\n\tat org.junit.platform.engine.support.hierarchical.SameThreadHierarchicalTestExecutorService.invokeAll(SameThreadHierarchicalTestExecutorService.java:41)\n\tat org.junit.platform.engine.support.hierarchical.NodeTestTask.lambda$executeRecursively$6(NodeTestTask.java:155)\n\tat org.junit.platform.engine.support.hierarchical.ThrowableCollector.execute(ThrowableCollector.java:73)\n\tat org.junit.platform.engine.support.hierarchical.NodeTestTask.lambda$executeRecursively$8(NodeTestTask.java:141)\n\tat org.junit.platform.engine.support.hierarchical.Node.around(Node.java:137)\n\tat org.junit.platform.engine.support.hierarchical.NodeTestTask.lambda$executeRecursively$9(NodeTestTask.java:139)\n\tat org.junit.platform.engine.support.hierarchical.ThrowableCollector.execute(ThrowableCollector.java:73)\n\tat org.junit.platform.engine.support.hierarchical.NodeTestTask.executeRecursively(NodeTestTask.java:138)\n\tat org.junit.platform.engine.support.hierarchical.NodeTestTask.execute(NodeTestTask.java:95)\n\tat java.base/java.util.ArrayList.forEach(ArrayList.java:1596)\n\tat org.junit.platform.engine.support.hierarchical.SameThreadHierarchicalTestExecutorService.invokeAll(SameThreadHierarchicalTestExecutorService.java:41)\n\tat org.junit.platform.engine.support.hierarchical.NodeTestTask.lambda$executeRecursively$6(NodeTestTask.java:155)\n\tat org.junit.platform.engine.support.hierarchical.ThrowableCollector.execute(ThrowableCollector.java:73)\n\tat org.junit.platform.engine.support.hierarchical.NodeTestTask.lambda$executeRecursively$8(NodeTestTask.java:141)\n\tat org.junit.platform.engine.support.hierarchical.Node.around(Node.java:137)\n\tat org.junit.platform.engine.support.hierarchical.NodeTestTask.lambda$executeRecursively$9(NodeTestTask.java:139)\n\tat org.junit.platform.engine.support.hierarchical.ThrowableCollector.execute(ThrowableCollector.java:73)\n\tat org.junit.platform.engine.support.hierarchical.NodeTestTask.executeRecursively(NodeTestTask.java:138)\n\tat org.junit.platform.engine.support.hierarchical.NodeTestTask.execute(NodeTestTask.java:95)\n\tat org.junit.platform.engine.support.hierarchical.SameThreadHierarchicalTestExecutorService.submit(SameThreadHierarchicalTestExecutorService.java:35)\n\tat org.junit.platform.engine.support.hierarchical.HierarchicalTestExecutor.execute(HierarchicalTestExecutor.java:57)\n\tat org.junit.platform.engine.support.hierarchical.HierarchicalTestEngine.execute(HierarchicalTestEngine.java:54)\n\tat org.junit.platform.launcher.core.DefaultLauncher.execute(DefaultLauncher.java:229)\n\tat org.junit.platform.launcher.core.DefaultLauncher.lambda$execute$6(DefaultLauncher.java:197)\n\tat org.junit.platform.launcher.core.DefaultLauncher.withInterceptedStreams(DefaultLauncher.java:211)\n\tat org.junit.platform.launcher.core.DefaultLauncher.execute(DefaultLauncher.java:191)\n\tat org.junit.platform.launcher.core.DefaultLauncher.execute(DefaultLauncher.java:128)\n\tat org.apache.maven.surefire.junitplatform.JUnitPlatformProvider.invokeAllTests(JUnitPlatformProvider.java:165)\n\tat org.apache.maven.surefire.junitplatform.JUnitPlatformProvider.invoke(JUnitPlatformProvider.java:128)\n\tat org.apache.maven.surefire.booter.ForkedBooter.runSuitesInProcess(ForkedBooter.java:428)\n\tat org.apache.maven.surefire.booter.ForkedBooter.execute(ForkedBooter.java:162)\n\tat org.apache.maven.surefire.booter.ForkedBooter.run(ForkedBooter.java:562)\n\tat org.apache.maven.surefire.booter.ForkedBooter.main(ForkedBooter.java:548)\n",
  "flaky" : false,
  "newFailed" : false,
  "beforeStages" : [ ],
  "testStage" : {
    "description" : "Successful register",
    "status" : "failed",
    "statusMessage" : "Element not found with accessibility ID: By.xpath: //XCUIElementTypeStaticText[@name=\"Неудаляемый Гаврила Иванович\"]",
    "statusTrace" : "java.lang.AssertionError: Element not found with accessibility ID: By.xpath: //XCUIElementTypeStaticText[@name=\"Неудаляемый Гаврила Иванович\"]\n\tat MobileTesting.robots.RobotHelper.assertElementsExist(RobotHelper.java:256)\n\tat MobileTesting.robots.ElregRobot.checkTimeline(ElregRobot.java:70)\n\tat MobileTesting.tests.ElregTest.register(ElregTest.java:28)\n\tat java.base/jdk.internal.reflect.DirectMethodHandleAccessor.invoke(DirectMethodHandleAccessor.java:103)\n\tat java.base/java.lang.reflect.Method.invoke(Method.java:580)\n\tat org.junit.platform.commons.util.ReflectionUtils.invokeMethod(ReflectionUtils.java:727)\n\tat org.junit.jupiter.engine.execution.MethodInvocation.proceed(MethodInvocation.java:60)\n\tat org.junit.jupiter.engine.execution.InvocationInterceptorChain$ValidatingInvocation.proceed(InvocationInterceptorChain.java:131)\n\tat org.junit.jupiter.engine.extension.TimeoutExtension.intercept(TimeoutExtension.java:156)\n\tat org.junit.jupiter.engine.extension.TimeoutExtension.interceptTestableMethod(TimeoutExtension.java:147)\n\tat org.junit.jupiter.engine.extension.TimeoutExtension.interceptTestMethod(TimeoutExtension.java:86)\n\tat org.junit.jupiter.engine.execution.InterceptingExecutableInvoker$ReflectiveInterceptorCall.lambda$ofVoidMethod$0(InterceptingExecutableInvoker.java:103)\n\tat org.junit.jupiter.engine.execution.InterceptingExecutableInvoker.lambda$invoke$0(InterceptingExecutableInvoker.java:93)\n\tat org.junit.jupiter.engine.execution.InvocationInterceptorChain$InterceptedInvocation.proceed(InvocationInterceptorChain.java:106)\n\tat org.junit.jupiter.engine.execution.InvocationInterceptorChain.proceed(InvocationInterceptorChain.java:64)\n\tat org.junit.jupiter.engine.execution.InvocationInterceptorChain.chainAndInvoke(InvocationInterceptorChain.java:45)\n\tat org.junit.jupiter.engine.execution.InvocationInterceptorChain.invoke(InvocationInterceptorChain.java:37)\n\tat org.junit.jupiter.engine.execution.InterceptingExecutableInvoker.invoke(InterceptingExecutableInvoker.java:92)\n\tat org.junit.jupiter.engine.execution.InterceptingExecutableInvoker.invoke(InterceptingExecutableInvoker.java:86)\n\tat org.junit.jupiter.engine.descriptor.TestMethodTestDescriptor.lambda$invokeTestMethod$7(TestMethodTestDescriptor.java:217)\n\tat org.junit.platform.engine.support.hierarchical.ThrowableCollector.execute(ThrowableCollector.java:73)\n\tat org.junit.jupiter.engine.descriptor.TestMethodTestDescriptor.invokeTestMethod(TestMethodTestDescriptor.java:213)\n\tat org.junit.jupiter.engine.descriptor.TestMethodTestDescriptor.execute(TestMethodTestDescriptor.java:138)\n\tat org.junit.jupiter.engine.descriptor.TestMethodTestDescriptor.execute(TestMethodTestDescriptor.java:68)\n\tat org.junit.platform.engine.support.hierarchical.NodeTestTask.lambda$executeRecursively$6(NodeTestTask.java:151)\n\tat org.junit.platform.engine.support.hierarchical.ThrowableCollector.execute(ThrowableCollector.java:73)\n\tat org.junit.platform.engine.support.hierarchical.NodeTestTask.lambda$executeRecursively$8(NodeTestTask.java:141)\n\tat org.junit.platform.engine.support.hierarchical.Node.around(Node.java:137)\n\tat org.junit.platform.engine.support.hierarchical.NodeTestTask.lambda$executeRecursively$9(NodeTestTask.java:139)\n\tat org.junit.platform.engine.support.hierarchical.ThrowableCollector.execute(ThrowableCollector.java:73)\n\tat org.junit.platform.engine.support.hierarchical.NodeTestTask.executeRecursively(NodeTestTask.java:138)\n\tat org.junit.platform.engine.support.hierarchical.NodeTestTask.execute(NodeTestTask.java:95)\n\tat java.base/java.util.ArrayList.forEach(ArrayList.java:1596)\n\tat org.junit.platform.engine.support.hierarchical.SameThreadHierarchicalTestExecutorService.invokeAll(SameThreadHierarchicalTestExecutorService.java:41)\n\tat org.junit.platform.engine.support.hierarchical.NodeTestTask.lambda$executeRecursively$6(NodeTestTask.java:155)\n\tat org.junit.platform.engine.support.hierarchical.ThrowableCollector.execute(ThrowableCollector.java:73)\n\tat org.junit.platform.engine.support.hierarchical.NodeTestTask.lambda$executeRecursively$8(NodeTestTask.java:141)\n\tat org.junit.platform.engine.support.hierarchical.Node.around(Node.java:137)\n\tat org.junit.platform.engine.support.hierarchical.NodeTestTask.lambda$executeRecursively$9(NodeTestTask.java:139)\n\tat org.junit.platform.engine.support.hierarchical.ThrowableCollector.execute(ThrowableCollector.java:73)\n\tat org.junit.platform.engine.support.hierarchical.NodeTestTask.executeRecursively(NodeTestTask.java:138)\n\tat org.junit.platform.engine.support.hierarchical.NodeTestTask.execute(NodeTestTask.java:95)\n\tat java.base/java.util.ArrayList.forEach(ArrayList.java:1596)\n\tat org.junit.platform.engine.support.hierarchical.SameThreadHierarchicalTestExecutorService.invokeAll(SameThreadHierarchicalTestExecutorService.java:41)\n\tat org.junit.platform.engine.support.hierarchical.NodeTestTask.lambda$executeRecursively$6(NodeTestTask.java:155)\n\tat org.junit.platform.engine.support.hierarchical.ThrowableCollector.execute(ThrowableCollector.java:73)\n\tat org.junit.platform.engine.support.hierarchical.NodeTestTask.lambda$executeRecursively$8(NodeTestTask.java:141)\n\tat org.junit.platform.engine.support.hierarchical.Node.around(Node.java:137)\n\tat org.junit.platform.engine.support.hierarchical.NodeTestTask.lambda$executeRecursively$9(NodeTestTask.java:139)\n\tat org.junit.platform.engine.support.hierarchical.ThrowableCollector.execute(ThrowableCollector.java:73)\n\tat org.junit.platform.engine.support.hierarchical.NodeTestTask.executeRecursively(NodeTestTask.java:138)\n\tat org.junit.platform.engine.support.hierarchical.NodeTestTask.execute(NodeTestTask.java:95)\n\tat org.junit.platform.engine.support.hierarchical.SameThreadHierarchicalTestExecutorService.submit(SameThreadHierarchicalTestExecutorService.java:35)\n\tat org.junit.platform.engine.support.hierarchical.HierarchicalTestExecutor.execute(HierarchicalTestExecutor.java:57)\n\tat org.junit.platform.engine.support.hierarchical.HierarchicalTestEngine.execute(HierarchicalTestEngine.java:54)\n\tat org.junit.platform.launcher.core.DefaultLauncher.execute(DefaultLauncher.java:229)\n\tat org.junit.platform.launcher.core.DefaultLauncher.lambda$execute$6(DefaultLauncher.java:197)\n\tat org.junit.platform.launcher.core.DefaultLauncher.withInterceptedStreams(DefaultLauncher.java:211)\n\tat org.junit.platform.launcher.core.DefaultLauncher.execute(DefaultLauncher.java:191)\n\tat org.junit.platform.launcher.core.DefaultLauncher.execute(DefaultLauncher.java:128)\n\tat org.apache.maven.surefire.junitplatform.JUnitPlatformProvider.invokeAllTests(JUnitPlatformProvider.java:165)\n\tat org.apache.maven.surefire.junitplatform.JUnitPlatformProvider.invoke(JUnitPlatformProvider.java:128)\n\tat org.apache.maven.surefire.booter.ForkedBooter.runSuitesInProcess(ForkedBooter.java:428)\n\tat org.apache.maven.surefire.booter.ForkedBooter.execute(ForkedBooter.java:162)\n\tat org.apache.maven.surefire.booter.ForkedBooter.run(ForkedBooter.java:562)\n\tat org.apache.maven.surefire.booter.ForkedBooter.main(ForkedBooter.java:548)\n",
    "steps" : [ {
      "name" : "Register to test doctor",
      "time" : {
        "start" : 1718953251080,
        "stop" : 1718954003069,
        "duration" : 751989
      },
      "status" : "failed",
      "statusMessage" : "Element not found with accessibility ID: By.xpath: //XCUIElementTypeStaticText[@name=\"Неудаляемый Гаврила Иванович\"]",
      "statusTrace" : "java.lang.AssertionError: Element not found with accessibility ID: By.xpath: //XCUIElementTypeStaticText[@name=\"Неудаляемый Гаврила Иванович\"]\n\tat MobileTesting.robots.RobotHelper.assertElementsExist(RobotHelper.java:256)\n\tat MobileTesting.robots.ElregRobot.checkTimeline(ElregRobot.java:70)\n\tat MobileTesting.tests.ElregTest.register(ElregTest.java:28)\n\tat java.base/jdk.internal.reflect.DirectMethodHandleAccessor.invoke(DirectMethodHandleAccessor.java:103)\n\tat java.base/java.lang.reflect.Method.invoke(Method.java:580)\n\tat org.junit.platform.commons.util.ReflectionUtils.invokeMethod(ReflectionUtils.java:727)\n\tat org.junit.jupiter.engine.execution.MethodInvocation.proceed(MethodInvocation.java:60)\n\tat org.junit.jupiter.engine.execution.InvocationInterceptorChain$ValidatingInvocation.proceed(InvocationInterceptorChain.java:131)\n\tat org.junit.jupiter.engine.extension.TimeoutExtension.intercept(TimeoutExtension.java:156)\n\tat org.junit.jupiter.engine.extension.TimeoutExtension.interceptTestableMethod(TimeoutExtension.java:147)\n\tat org.junit.jupiter.engine.extension.TimeoutExtension.interceptTestMethod(TimeoutExtension.java:86)\n\tat org.junit.jupiter.engine.execution.InterceptingExecutableInvoker$ReflectiveInterceptorCall.lambda$ofVoidMethod$0(InterceptingExecutableInvoker.java:103)\n\tat org.junit.jupiter.engine.execution.InterceptingExecutableInvoker.lambda$invoke$0(InterceptingExecutableInvoker.java:93)\n\tat org.junit.jupiter.engine.execution.InvocationInterceptorChain$InterceptedInvocation.proceed(InvocationInterceptorChain.java:106)\n\tat org.junit.jupiter.engine.execution.InvocationInterceptorChain.proceed(InvocationInterceptorChain.java:64)\n\tat org.junit.jupiter.engine.execution.InvocationInterceptorChain.chainAndInvoke(InvocationInterceptorChain.java:45)\n\tat org.junit.jupiter.engine.execution.InvocationInterceptorChain.invoke(InvocationInterceptorChain.java:37)\n\tat org.junit.jupiter.engine.execution.InterceptingExecutableInvoker.invoke(InterceptingExecutableInvoker.java:92)\n\tat org.junit.jupiter.engine.execution.InterceptingExecutableInvoker.invoke(InterceptingExecutableInvoker.java:86)\n\tat org.junit.jupiter.engine.descriptor.TestMethodTestDescriptor.lambda$invokeTestMethod$7(TestMethodTestDescriptor.java:217)\n\tat org.junit.platform.engine.support.hierarchical.ThrowableCollector.execute(ThrowableCollector.java:73)\n\tat org.junit.jupiter.engine.descriptor.TestMethodTestDescriptor.invokeTestMethod(TestMethodTestDescriptor.java:213)\n\tat org.junit.jupiter.engine.descriptor.TestMethodTestDescriptor.execute(TestMethodTestDescriptor.java:138)\n\tat org.junit.jupiter.engine.descriptor.TestMethodTestDescriptor.execute(TestMethodTestDescriptor.java:68)\n\tat org.junit.platform.engine.support.hierarchical.NodeTestTask.lambda$executeRecursively$6(NodeTestTask.java:151)\n\tat org.junit.platform.engine.support.hierarchical.ThrowableCollector.execute(ThrowableCollector.java:73)\n\tat org.junit.platform.engine.support.hierarchical.NodeTestTask.lambda$executeRecursively$8(NodeTestTask.java:141)\n\tat org.junit.platform.engine.support.hierarchical.Node.around(Node.java:137)\n\tat org.junit.platform.engine.support.hierarchical.NodeTestTask.lambda$executeRecursively$9(NodeTestTask.java:139)\n\tat org.junit.platform.engine.support.hierarchical.ThrowableCollector.execute(ThrowableCollector.java:73)\n\tat org.junit.platform.engine.support.hierarchical.NodeTestTask.executeRecursively(NodeTestTask.java:138)\n\tat org.junit.platform.engine.support.hierarchical.NodeTestTask.execute(NodeTestTask.java:95)\n\tat java.base/java.util.ArrayList.forEach(ArrayList.java:1596)\n\tat org.junit.platform.engine.support.hierarchical.SameThreadHierarchicalTestExecutorService.invokeAll(SameThreadHierarchicalTestExecutorService.java:41)\n\tat org.junit.platform.engine.support.hierarchical.NodeTestTask.lambda$executeRecursively$6(NodeTestTask.java:155)\n\tat org.junit.platform.engine.support.hierarchical.ThrowableCollector.execute(ThrowableCollector.java:73)\n\tat org.junit.platform.engine.support.hierarchical.NodeTestTask.lambda$executeRecursively$8(NodeTestTask.java:141)\n\tat org.junit.platform.engine.support.hierarchical.Node.around(Node.java:137)\n\tat org.junit.platform.engine.support.hierarchical.NodeTestTask.lambda$executeRecursively$9(NodeTestTask.java:139)\n\tat org.junit.platform.engine.support.hierarchical.ThrowableCollector.execute(ThrowableCollector.java:73)\n\tat org.junit.platform.engine.support.hierarchical.NodeTestTask.executeRecursively(NodeTestTask.java:138)\n\tat org.junit.platform.engine.support.hierarchical.NodeTestTask.execute(NodeTestTask.java:95)\n\tat java.base/java.util.ArrayList.forEach(ArrayList.java:1596)\n\tat org.junit.platform.engine.support.hierarchical.SameThreadHierarchicalTestExecutorService.invokeAll(SameThreadHierarchicalTestExecutorService.java:41)\n\tat org.junit.platform.engine.support.hierarchical.NodeTestTask.lambda$executeRecursively$6(NodeTestTask.java:155)\n\tat org.junit.platform.engine.support.hierarchical.ThrowableCollector.execute(ThrowableCollector.java:73)\n\tat org.junit.platform.engine.support.hierarchical.NodeTestTask.lambda$executeRecursively$8(NodeTestTask.java:141)\n\tat org.junit.platform.engine.support.hierarchical.Node.around(Node.java:137)\n\tat org.junit.platform.engine.support.hierarchical.NodeTestTask.lambda$executeRecursively$9(NodeTestTask.java:139)\n\tat org.junit.platform.engine.support.hierarchical.ThrowableCollector.execute(ThrowableCollector.java:73)\n\tat org.junit.platform.engine.support.hierarchical.NodeTestTask.executeRecursively(NodeTestTask.java:138)\n\tat org.junit.platform.engine.support.hierarchical.NodeTestTask.execute(NodeTestTask.java:95)\n\tat org.junit.platform.engine.support.hierarchical.SameThreadHierarchicalTestExecutorService.submit(SameThreadHierarchicalTestExecutorService.java:35)\n\tat org.junit.platform.engine.support.hierarchical.HierarchicalTestExecutor.execute(HierarchicalTestExecutor.java:57)\n\tat org.junit.platform.engine.support.hierarchical.HierarchicalTestEngine.execute(HierarchicalTestEngine.java:54)\n\tat org.junit.platform.launcher.core.DefaultLauncher.execute(DefaultLauncher.java:229)\n\tat org.junit.platform.launcher.core.DefaultLauncher.lambda$execute$6(DefaultLauncher.java:197)\n\tat org.junit.platform.launcher.core.DefaultLauncher.withInterceptedStreams(DefaultLauncher.java:211)\n\tat org.junit.platform.launcher.core.DefaultLauncher.execute(DefaultLauncher.java:191)\n\tat org.junit.platform.launcher.core.DefaultLauncher.execute(DefaultLauncher.java:128)\n\tat org.apache.maven.surefire.junitplatform.JUnitPlatformProvider.invokeAllTests(JUnitPlatformProvider.java:165)\n\tat org.apache.maven.surefire.junitplatform.JUnitPlatformProvider.invoke(JUnitPlatformProvider.java:128)\n\tat org.apache.maven.surefire.booter.ForkedBooter.runSuitesInProcess(ForkedBooter.java:428)\n\tat org.apache.maven.surefire.booter.ForkedBooter.execute(ForkedBooter.java:162)\n\tat org.apache.maven.surefire.booter.ForkedBooter.run(ForkedBooter.java:562)\n\tat org.apache.maven.surefire.booter.ForkedBooter.main(ForkedBooter.java:548)\n",
      "steps" : [ {
        "name" : "Login",
        "time" : {
          "start" : 1718953251080,
          "stop" : 1718953348363,
          "duration" : 97283
        },
        "status" : "passed",
        "steps" : [ {
          "name" : "Fill and send login form",
          "time" : {
            "start" : 1718953251080,
            "stop" : 1718953279596,
            "duration" : 28516
          },
          "status" : "passed",
          "steps" : [ {
            "name" : "Click on authorization button",
            "time" : {
              "start" : 1718953251080,
              "stop" : 1718953253368,
              "duration" : 2288
            },
            "status" : "passed",
            "steps" : [ ],
            "attachments" : [ {
              "uid" : "3b82912b1661ba0f",
              "name" : "Login form",
              "source" : "3b82912b1661ba0f.png",
              "type" : "image/png",
              "size" : 334828
            } ],
            "parameters" : [ ],
            "attachmentsCount" : 1,
            "shouldDisplayMessage" : false,
            "stepsCount" : 0,
            "hasContent" : true
          }, {
            "name" : "Input email",
            "time" : {
              "start" : 1718953253368,
              "stop" : 1718953255450,
              "duration" : 2082
            },
            "status" : "passed",
            "steps" : [ ],
            "attachments" : [ ],
            "parameters" : [ {
              "name" : "username",
              "value" : "artur.antonov@overteam.ru"
            } ],
            "attachmentsCount" : 0,
            "shouldDisplayMessage" : false,
            "stepsCount" : 0,
            "hasContent" : true
          }, {
            "name" : "Input password",
            "time" : {
              "start" : 1718953255450,
              "stop" : 1718953258410,
              "duration" : 2960
            },
            "status" : "passed",
            "steps" : [ ],
            "attachments" : [ ],
            "parameters" : [ {
              "name" : "password",
              "value" : "Artur.antonov@overteam.ru1101"
            } ],
            "attachmentsCount" : 0,
            "shouldDisplayMessage" : false,
            "stepsCount" : 0,
            "hasContent" : true
          }, {
            "name" : "Click on login button",
            "time" : {
              "start" : 1718953258410,
              "stop" : 1718953260671,
              "duration" : 2261
            },
            "status" : "passed",
            "steps" : [ ],
            "attachments" : [ {
              "uid" : "743b41f5f785675b",
              "name" : "Login form filled",
              "source" : "743b41f5f785675b.png",
              "type" : "image/png",
              "size" : 250274
            } ],
            "parameters" : [ ],
            "attachmentsCount" : 1,
            "shouldDisplayMessage" : false,
            "stepsCount" : 0,
            "hasContent" : true
          }, {
            "name" : "Confirm captcha",
            "time" : {
              "start" : 1718953276204,
              "stop" : 1718953279596,
              "duration" : 3392
            },
            "status" : "passed",
            "steps" : [ ],
            "attachments" : [ {
              "uid" : "7dd1f2829a239ddb",
              "name" : "Captcha solved",
              "source" : "7dd1f2829a239ddb.png",
              "type" : "image/png",
              "size" : 554258
            } ],
            "parameters" : [ ],
            "attachmentsCount" : 1,
            "shouldDisplayMessage" : false,
            "stepsCount" : 0,
            "hasContent" : true
          } ],
          "attachments" : [ ],
          "parameters" : [ {
            "name" : "username",
            "value" : "artur.antonov@overteam.ru"
          }, {
            "name" : "password",
            "value" : "Artur.antonov@overteam.ru1101"
          } ],
          "attachmentsCount" : 3,
          "shouldDisplayMessage" : false,
          "stepsCount" : 5,
          "hasContent" : true
        }, {
          "name" : "Enter PIN code",
          "time" : {
            "start" : 1718953279596,
            "stop" : 1718953348363,
            "duration" : 68767
          },
          "status" : "passed",
          "steps" : [ ],
          "attachments" : [ {
            "uid" : "918be52e02afe91b",
            "name" : "Think of PIN screen",
            "source" : "918be52e02afe91b.png",
            "type" : "image/png",
            "size" : 96890
          }, {
            "uid" : "c9171a228af26ec8",
            "name" : "Confirm of PIN screen",
            "source" : "c9171a228af26ec8.png",
            "type" : "image/png",
            "size" : 93312
          }, {
            "uid" : "767cb5fffc7cf312",
            "name" : "Health page",
            "source" : "767cb5fffc7cf312.png",
            "type" : "image/png",
            "size" : 524750
          } ],
          "parameters" : [ ],
          "attachmentsCount" : 3,
          "shouldDisplayMessage" : false,
          "stepsCount" : 0,
          "hasContent" : true
        } ],
        "attachments" : [ ],
        "parameters" : [ {
          "name" : "username",
          "value" : "artur.antonov@overteam.ru"
        }, {
          "name" : "password",
          "value" : "Artur.antonov@overteam.ru1101"
        } ],
        "attachmentsCount" : 6,
        "shouldDisplayMessage" : false,
        "stepsCount" : 7,
        "hasContent" : true
      }, {
        "name" : "Register to doctor",
        "time" : {
          "start" : 1718953348364,
          "stop" : 1718953637398,
          "duration" : 289034
        },
        "status" : "passed",
        "steps" : [ {
          "name" : "Making an appointment with an offline specialist",
          "time" : {
            "start" : 1718953348364,
            "stop" : 1718953397786,
            "duration" : 49422
          },
          "status" : "passed",
          "steps" : [ ],
          "attachments" : [ ],
          "parameters" : [ ],
          "attachmentsCount" : 0,
          "shouldDisplayMessage" : false,
          "stepsCount" : 0,
          "hasContent" : false
        } ],
        "attachments" : [ {
          "uid" : "1b609ab5d6fc653e",
          "name" : "Choose patient",
          "source" : "1b609ab5d6fc653e.png",
          "type" : "image/png",
          "size" : 250449
        }, {
          "uid" : "eb69e3beaf4d3968",
          "name" : "Reject questionnaire",
          "source" : "eb69e3beaf4d3968.png",
          "type" : "image/png",
          "size" : 696005
        }, {
          "uid" : "aa7f64a155aec303",
          "name" : "Specialists screen",
          "source" : "aa7f64a155aec303.png",
          "type" : "image/png",
          "size" : 250509
        }, {
          "uid" : "de08324c5056f0e",
          "name" : "Doctor screen",
          "source" : "de08324c5056f0e.png",
          "type" : "image/png",
          "size" : 405869
        }, {
          "uid" : "bfe6c4f674e5bbcc",
          "name" : "Time screen",
          "source" : "bfe6c4f674e5bbcc.png",
          "type" : "image/png",
          "size" : 396962
        }, {
          "uid" : "cd9d28930d103477",
          "name" : "Confirm register screen",
          "source" : "cd9d28930d103477.png",
          "type" : "image/png",
          "size" : 401601
        }, {
          "uid" : "1b0c335aaeaed841",
          "name" : "Register confirmed",
          "source" : "1b0c335aaeaed841.png",
          "type" : "image/png",
          "size" : 317716
        }, {
          "uid" : "f0d7d1938617cc6f",
          "name" : "Rate elreg",
          "source" : "f0d7d1938617cc6f.png",
          "type" : "image/png",
          "size" : 348276
        } ],
        "parameters" : [ ],
        "attachmentsCount" : 8,
        "shouldDisplayMessage" : false,
        "stepsCount" : 1,
        "hasContent" : true
      }, {
        "name" : "Check record in timeline",
        "time" : {
          "start" : 1718953637399,
          "stop" : 1718954003069,
          "duration" : 365670
        },
        "status" : "failed",
        "statusMessage" : "Element not found with accessibility ID: By.xpath: //XCUIElementTypeStaticText[@name=\"Неудаляемый Гаврила Иванович\"]",
        "statusTrace" : "java.lang.AssertionError: Element not found with accessibility ID: By.xpath: //XCUIElementTypeStaticText[@name=\"Неудаляемый Гаврила Иванович\"]\n\tat MobileTesting.robots.RobotHelper.assertElementsExist(RobotHelper.java:256)\n\tat MobileTesting.robots.ElregRobot.checkTimeline(ElregRobot.java:70)\n\tat MobileTesting.tests.ElregTest.register(ElregTest.java:28)\n\tat java.base/jdk.internal.reflect.DirectMethodHandleAccessor.invoke(DirectMethodHandleAccessor.java:103)\n\tat java.base/java.lang.reflect.Method.invoke(Method.java:580)\n\tat org.junit.platform.commons.util.ReflectionUtils.invokeMethod(ReflectionUtils.java:727)\n\tat org.junit.jupiter.engine.execution.MethodInvocation.proceed(MethodInvocation.java:60)\n\tat org.junit.jupiter.engine.execution.InvocationInterceptorChain$ValidatingInvocation.proceed(InvocationInterceptorChain.java:131)\n\tat org.junit.jupiter.engine.extension.TimeoutExtension.intercept(TimeoutExtension.java:156)\n\tat org.junit.jupiter.engine.extension.TimeoutExtension.interceptTestableMethod(TimeoutExtension.java:147)\n\tat org.junit.jupiter.engine.extension.TimeoutExtension.interceptTestMethod(TimeoutExtension.java:86)\n\tat org.junit.jupiter.engine.execution.InterceptingExecutableInvoker$ReflectiveInterceptorCall.lambda$ofVoidMethod$0(InterceptingExecutableInvoker.java:103)\n\tat org.junit.jupiter.engine.execution.InterceptingExecutableInvoker.lambda$invoke$0(InterceptingExecutableInvoker.java:93)\n\tat org.junit.jupiter.engine.execution.InvocationInterceptorChain$InterceptedInvocation.proceed(InvocationInterceptorChain.java:106)\n\tat org.junit.jupiter.engine.execution.InvocationInterceptorChain.proceed(InvocationInterceptorChain.java:64)\n\tat org.junit.jupiter.engine.execution.InvocationInterceptorChain.chainAndInvoke(InvocationInterceptorChain.java:45)\n\tat org.junit.jupiter.engine.execution.InvocationInterceptorChain.invoke(InvocationInterceptorChain.java:37)\n\tat org.junit.jupiter.engine.execution.InterceptingExecutableInvoker.invoke(InterceptingExecutableInvoker.java:92)\n\tat org.junit.jupiter.engine.execution.InterceptingExecutableInvoker.invoke(InterceptingExecutableInvoker.java:86)\n\tat org.junit.jupiter.engine.descriptor.TestMethodTestDescriptor.lambda$invokeTestMethod$7(TestMethodTestDescriptor.java:217)\n\tat org.junit.platform.engine.support.hierarchical.ThrowableCollector.execute(ThrowableCollector.java:73)\n\tat org.junit.jupiter.engine.descriptor.TestMethodTestDescriptor.invokeTestMethod(TestMethodTestDescriptor.java:213)\n\tat org.junit.jupiter.engine.descriptor.TestMethodTestDescriptor.execute(TestMethodTestDescriptor.java:138)\n\tat org.junit.jupiter.engine.descriptor.TestMethodTestDescriptor.execute(TestMethodTestDescriptor.java:68)\n\tat org.junit.platform.engine.support.hierarchical.NodeTestTask.lambda$executeRecursively$6(NodeTestTask.java:151)\n\tat org.junit.platform.engine.support.hierarchical.ThrowableCollector.execute(ThrowableCollector.java:73)\n\tat org.junit.platform.engine.support.hierarchical.NodeTestTask.lambda$executeRecursively$8(NodeTestTask.java:141)\n\tat org.junit.platform.engine.support.hierarchical.Node.around(Node.java:137)\n\tat org.junit.platform.engine.support.hierarchical.NodeTestTask.lambda$executeRecursively$9(NodeTestTask.java:139)\n\tat org.junit.platform.engine.support.hierarchical.ThrowableCollector.execute(ThrowableCollector.java:73)\n\tat org.junit.platform.engine.support.hierarchical.NodeTestTask.executeRecursively(NodeTestTask.java:138)\n\tat org.junit.platform.engine.support.hierarchical.NodeTestTask.execute(NodeTestTask.java:95)\n\tat java.base/java.util.ArrayList.forEach(ArrayList.java:1596)\n\tat org.junit.platform.engine.support.hierarchical.SameThreadHierarchicalTestExecutorService.invokeAll(SameThreadHierarchicalTestExecutorService.java:41)\n\tat org.junit.platform.engine.support.hierarchical.NodeTestTask.lambda$executeRecursively$6(NodeTestTask.java:155)\n\tat org.junit.platform.engine.support.hierarchical.ThrowableCollector.execute(ThrowableCollector.java:73)\n\tat org.junit.platform.engine.support.hierarchical.NodeTestTask.lambda$executeRecursively$8(NodeTestTask.java:141)\n\tat org.junit.platform.engine.support.hierarchical.Node.around(Node.java:137)\n\tat org.junit.platform.engine.support.hierarchical.NodeTestTask.lambda$executeRecursively$9(NodeTestTask.java:139)\n\tat org.junit.platform.engine.support.hierarchical.ThrowableCollector.execute(ThrowableCollector.java:73)\n\tat org.junit.platform.engine.support.hierarchical.NodeTestTask.executeRecursively(NodeTestTask.java:138)\n\tat org.junit.platform.engine.support.hierarchical.NodeTestTask.execute(NodeTestTask.java:95)\n\tat java.base/java.util.ArrayList.forEach(ArrayList.java:1596)\n\tat org.junit.platform.engine.support.hierarchical.SameThreadHierarchicalTestExecutorService.invokeAll(SameThreadHierarchicalTestExecutorService.java:41)\n\tat org.junit.platform.engine.support.hierarchical.NodeTestTask.lambda$executeRecursively$6(NodeTestTask.java:155)\n\tat org.junit.platform.engine.support.hierarchical.ThrowableCollector.execute(ThrowableCollector.java:73)\n\tat org.junit.platform.engine.support.hierarchical.NodeTestTask.lambda$executeRecursively$8(NodeTestTask.java:141)\n\tat org.junit.platform.engine.support.hierarchical.Node.around(Node.java:137)\n\tat org.junit.platform.engine.support.hierarchical.NodeTestTask.lambda$executeRecursively$9(NodeTestTask.java:139)\n\tat org.junit.platform.engine.support.hierarchical.ThrowableCollector.execute(ThrowableCollector.java:73)\n\tat org.junit.platform.engine.support.hierarchical.NodeTestTask.executeRecursively(NodeTestTask.java:138)\n\tat org.junit.platform.engine.support.hierarchical.NodeTestTask.execute(NodeTestTask.java:95)\n\tat org.junit.platform.engine.support.hierarchical.SameThreadHierarchicalTestExecutorService.submit(SameThreadHierarchicalTestExecutorService.java:35)\n\tat org.junit.platform.engine.support.hierarchical.HierarchicalTestExecutor.execute(HierarchicalTestExecutor.java:57)\n\tat org.junit.platform.engine.support.hierarchical.HierarchicalTestEngine.execute(HierarchicalTestEngine.java:54)\n\tat org.junit.platform.launcher.core.DefaultLauncher.execute(DefaultLauncher.java:229)\n\tat org.junit.platform.launcher.core.DefaultLauncher.lambda$execute$6(DefaultLauncher.java:197)\n\tat org.junit.platform.launcher.core.DefaultLauncher.withInterceptedStreams(DefaultLauncher.java:211)\n\tat org.junit.platform.launcher.core.DefaultLauncher.execute(DefaultLauncher.java:191)\n\tat org.junit.platform.launcher.core.DefaultLauncher.execute(DefaultLauncher.java:128)\n\tat org.apache.maven.surefire.junitplatform.JUnitPlatformProvider.invokeAllTests(JUnitPlatformProvider.java:165)\n\tat org.apache.maven.surefire.junitplatform.JUnitPlatformProvider.invoke(JUnitPlatformProvider.java:128)\n\tat org.apache.maven.surefire.booter.ForkedBooter.runSuitesInProcess(ForkedBooter.java:428)\n\tat org.apache.maven.surefire.booter.ForkedBooter.execute(ForkedBooter.java:162)\n\tat org.apache.maven.surefire.booter.ForkedBooter.run(ForkedBooter.java:562)\n\tat org.apache.maven.surefire.booter.ForkedBooter.main(ForkedBooter.java:548)\n",
        "steps" : [ ],
        "attachments" : [ ],
        "parameters" : [ ],
        "attachmentsCount" : 0,
        "shouldDisplayMessage" : true,
        "stepsCount" : 0,
        "hasContent" : true
      } ],
      "attachments" : [ ],
      "parameters" : [ ],
      "attachmentsCount" : 14,
      "shouldDisplayMessage" : false,
      "stepsCount" : 11,
      "hasContent" : true
    } ],
    "attachments" : [ {
      "uid" : "67e012cb24098197",
      "name" : "Final screenshot",
      "source" : "67e012cb24098197.png",
      "type" : "image/png",
      "size" : 216987
    } ],
    "parameters" : [ ],
    "attachmentsCount" : 15,
    "shouldDisplayMessage" : false,
    "stepsCount" : 12,
    "hasContent" : true
  },
  "afterStages" : [ ],
  "labels" : [ {
    "name" : "owner",
    "value" : "Daniil Tarasenko"
  }, {
    "name" : "host",
    "value" : "Mac-mini-1.local"
  }, {
    "name" : "thread",
    "value" : "99246@Mac-mini-1.local.main(1)"
  }, {
    "name" : "framework",
    "value" : "junit-platform"
  }, {
    "name" : "language",
    "value" : "java"
  }, {
    "name" : "package",
    "value" : "MobileTesting.tests.ElregTest"
  }, {
    "name" : "testClass",
    "value" : "MobileTesting.tests.ElregTest"
  }, {
    "name" : "testMethod",
    "value" : "register"
  }, {
    "name" : "suite",
    "value" : "MobileTesting.tests.ElregTest"
  }, {
    "name" : "resultFormat",
    "value" : "allure2"
  } ],
  "parameters" : [ ],
  "links" : [ ],
  "hidden" : false,
  "retry" : false,
  "extra" : {
    "severity" : "normal",
    "owner" : "Daniil Tarasenko",
    "retries" : [ ],
    "categories" : [ {
      "name" : "Product defects",
      "matchedStatuses" : [ ],
      "flaky" : false
    } ],
    "history" : {
      "statistic" : {
        "failed" : 7,
        "broken" : 5,
        "skipped" : 0,
        "passed" : 2,
        "unknown" : 0,
        "total" : 14
      },
      "items" : [ {
        "uid" : "8f03c41a0c701b37",
        "status" : "failed",
        "statusDetails" : "Element not found with accessibility ID: By.xpath: //XCUIElementTypeStaticText[@name=\"Неудаляемый Гаврила Иванович\"]",
        "time" : {
          "start" : 1718922950535,
          "stop" : 1718923654882,
          "duration" : 704347
        }
      }, {
        "uid" : "fffec73b10033d6d",
        "status" : "failed",
        "statusDetails" : "Element not found: By.xpath: //XCUIElementTypeStaticText[@name=\"Спасибо!\"]",
        "time" : {
          "start" : 1718922555153,
          "stop" : 1718922892005,
          "duration" : 336852
        }
      }, {
        "uid" : "db230bec18b6a779",
        "status" : "failed",
        "statusDetails" : "Element not found: By.xpath: //XCUIElementTypeButton[@name=\"Записаться\"]",
        "time" : {
          "start" : 1718922050543,
          "stop" : 1718922377219,
          "duration" : 326676
        }
      }, {
        "uid" : "52c496693104822a",
        "status" : "failed",
        "statusDetails" : "Element not found: By.xpath: //XCUIElementTypeCollectionView/XCUIElementTypeCell[1]",
        "time" : {
          "start" : 1718921230790,
          "stop" : 1718921570807,
          "duration" : 340017
        }
      }, {
        "uid" : "78e0853a1d8f3148",
        "status" : "failed",
        "statusDetails" : "Element not found: By.AccessibilityId: Полисы",
        "time" : {
          "start" : 1718920578974,
          "stop" : 1718920880745,
          "duration" : 301771
        }
      }, {
        "uid" : "31c5b483b3b1cb2f",
        "status" : "failed",
        "statusDetails" : "Element not found: By.xpath: //XCUIElementTypeStaticText[@name=\"Денис Мохов\"]",
        "time" : {
          "start" : 1718919761187,
          "stop" : 1718920004917,
          "duration" : 243730
        }
      }, {
        "uid" : "aeece547a80d3651",
        "status" : "broken",
        "statusDetails" : "Expected condition failed: waiting for visibility of element located by By.xpath: //android.widget.TextView[@text=\"Запись в клинику\"] (tried for 60 second(s) with 500 milliseconds interval)",
        "time" : {
          "start" : 1718917363893,
          "stop" : 1718917564240,
          "duration" : 200347
        }
      }, {
        "uid" : "60d3ff581c4a3097",
        "status" : "broken",
        "statusDetails" : "Expected condition failed: waiting for visibility of element located by By.xpath: //android.widget.TextView[@text=\"Запись в клинику\"] (tried for 60 second(s) with 500 milliseconds interval)",
        "time" : {
          "start" : 1718257133030,
          "stop" : 1718257290912,
          "duration" : 157882
        }
      }, {
        "uid" : "987b07d4808c5e05",
        "status" : "broken",
        "statusDetails" : "Expected condition failed: waiting for visibility of element located by By.xpath: //android.widget.TextView[@text=\"Запись в клинику\"] (tried for 60 second(s) with 500 milliseconds interval)",
        "time" : {
          "start" : 1718082304765,
          "stop" : 1718082461444,
          "duration" : 156679
        }
      }, {
        "uid" : "25a571186478b78a",
        "status" : "broken",
        "statusDetails" : "Cannot find elements when the XPath is null.",
        "time" : {
          "start" : 1717974666067,
          "stop" : 1717974827089,
          "duration" : 161022
        }
      }, {
        "uid" : "a685bec3dc572b35",
        "status" : "broken",
        "statusDetails" : "Unable to create a new remote session. Please check the server log for more details. Original error: An unknown server-side error occurred while processing the command. Original error: Error running 'install': An error was encountered processing the command (domain=NSPOSIXErrorDomain, code=13):\nSimulator device returned an error for the requested operation.\nUnhandled error domain NSPOSIXErrorDomain, code 13\nUnderlying error (domain=NSPOSIXErrorDomain, code=13):\n\tcopyfile of file:///Users/lmovsisyan/qa_emp_autotests_bins/app-stage.app/ to file:///Users/lmovsisyan/Library/Developer/CoreSimulator/Devices/46106CB1-6A97-47B5-9D16-DC089CC2A317/data/Containers/Shared/SystemGroup/systemgroup.com.apple.installcoordinationd/Library/InstallCoordination/PromiseStaging/695D8268-2147-41D0-B62C-D9E43CEFDDCB/app-stage.app failed: Permission denied\n\tUnhandled error domain NSPOSIXErrorDomain, code 13\nBuild info: version: '3.141.59', revision: 'e82be7d358', time: '2018-11-14T08:17:03'\nSystem info: host: 'Mac-mini-1.local', ip: '127.0.0.1', os.name: 'Mac OS X', os.arch: 'aarch64', os.version: '13.5.1', java.version: '21'\nDriver info: driver.version: IOSDriver\nremote stacktrace: UnknownError: An unknown server-side error occurred while processing the command. Original error: Error running 'install': An error was encountered processing the command (domain=NSPOSIXErrorDomain, code=13):\nSimulator device returned an error for the requested operation.\nUnhandled error domain NSPOSIXErrorDomain, code 13\nUnderlying error (domain=NSPOSIXErrorDomain, code=13):\n\tcopyfile of file:///Users/lmovsisyan/qa_emp_autotests_bins/app-stage.app/ to file:///Users/lmovsisyan/Library/Developer/CoreSimulator/Devices/46106CB1-6A97-47B5-9D16-DC089CC2A317/data/Containers/Shared/SystemGroup/systemgroup.com.apple.installcoordinationd/Library/InstallCoordination/PromiseStaging/695D8268-2147-41D0-B62C-D9E43CEFDDCB/app-stage.app failed: Permission denied\n\tUnhandled error domain NSPOSIXErrorDomain, code 13\n    at getResponseForW3CError (/opt/homebrew/lib/node_modules/appium/node_modules/@appium/base-driver/lib/protocol/errors.js:1118:9)\n    at asyncHandler (/opt/homebrew/lib/node_modules/appium/node_modules/@appium/base-driver/lib/protocol/protocol.js:491:57)\nBuild info: version: '3.141.59', revision: 'e82be7d358', time: '2018-11-14T08:17:03'\nSystem info: host: 'Mac-mini-1.local', ip: '127.0.0.1', os.name: 'Mac OS X', os.arch: 'aarch64', os.version: '13.5.1', java.version: '21'\nDriver info: driver.version: IOSDriver",
        "time" : {
          "start" : 1717636461692,
          "stop" : 1717636469420,
          "duration" : 7728
        }
      }, {
        "uid" : "fd78a5a1631a07e6",
        "status" : "passed",
        "time" : {
          "start" : 1717463291061,
          "stop" : 1717463401758,
          "duration" : 110697
        }
      }, {
        "uid" : "439c63dfd5b7d6",
        "status" : "passed",
        "time" : {
          "start" : 1717460874008,
          "stop" : 1717460976031,
          "duration" : 102023
        }
      } ]
    },
    "tags" : [ ]
  },
  "source" : "6470e008fce97ce9.json",
  "parameterValues" : [ ]
}